Log file open, 03/06/21 22:31:21
LogInit: Display: Running engine for game: GELab_VR
LogInit: Display: Project file not found: ../../../GELab_VR/GELab_VR.uproject
LogInit: Display: 	Attempting to find via project info helper.
LogUProjectInfo: Found projects:
LogPakFile: Display: Found Pak file ../../../GELab_VR/Content/Paks/GELab_VR-WindowsNoEditor.pak attempting to mount.
LogPakFile: Display: Mounting pak file ../../../GELab_VR/Content/Paks/GELab_VR-WindowsNoEditor.pak.
LogPlatformFile: Not using cached read wrapper
LogTaskGraph: Started task graph with 5 named threads and 35 total threads with 3 sets of task threads.
LogStats: Stats thread started at 0.077716
LogD3D11RHI: Loaded GFSDK_Aftermath_Lib.x64.dll
LogICUInternationalization: ICU TimeZone Detection - Raw Offset: +1:00, Platform Override: ''
LogPluginManager: Mounting plugin Paper2D
LogPluginManager: Mounting plugin AISupport
LogPluginManager: Mounting plugin LightPropagationVolume
LogPluginManager: Mounting plugin AnimationSharing
LogPluginManager: Mounting plugin SignificanceManager
LogPluginManager: Mounting plugin UObjectPlugin
LogPluginManager: Mounting plugin AssetManagerEditor
LogPluginManager: Mounting plugin FacialAnimation
LogPluginManager: Mounting plugin GeometryMode
LogPluginManager: Mounting plugin DatasmithContent
LogPluginManager: Mounting plugin VariantManagerContent
LogPluginManager: Mounting plugin AlembicImporter
LogPluginManager: Mounting plugin GeometryCache
LogPluginManager: Mounting plugin AutomationUtils
LogPluginManager: Mounting plugin ScreenshotTools
LogPluginManager: Mounting plugin BackChannel
LogPluginManager: Mounting plugin ChaosClothEditor
LogPluginManager: Mounting plugin ChaosCloth
LogPluginManager: Mounting plugin ChaosEditor
LogPluginManager: Mounting plugin PlanarCut
LogPluginManager: Mounting plugin GeometryProcessing
LogPluginManager: Mounting plugin EditableMesh
LogPluginManager: Mounting plugin GeometryCollectionPlugin
LogPluginManager: Mounting plugin ProceduralMeshComponent
LogPluginManager: Mounting plugin ChaosSolverPlugin
LogPluginManager: Mounting plugin ChaosNiagara
LogPluginManager: Mounting plugin Niagara
LogPluginManager: Mounting plugin CharacterAI
LogPluginManager: Mounting plugin PlatformCrypto
LogPluginManager: Mounting plugin MagicLeapPassableWorld
LogPluginManager: Mounting plugin MagicLeap
LogPluginManager: Mounting plugin MLSDK
LogPluginManager: Mounting plugin MagicLeapLightEstimation
LogPluginManager: Mounting plugin AvfMedia
LogPluginManager: Mounting plugin ImgMedia
LogPluginManager: Mounting plugin MediaCompositing
LogPluginManager: Mounting plugin WmfMedia
LogPluginManager: Mounting plugin MeshPainting
LogPluginManager: Mounting plugin TcpMessaging
LogPluginManager: Mounting plugin UdpMessaging
LogPluginManager: Mounting plugin ActorSequence
LogPluginManager: Mounting plugin LevelSequenceEditor
LogPluginManager: Mounting plugin MatineeToLevelSequence
LogPluginManager: Mounting plugin TemplateSequence
LogPluginManager: Mounting plugin MovieRenderPipeline
LogPluginManager: Mounting plugin EditorScriptingUtilities
LogPluginManager: Mounting plugin NetcodeUnitTest
LogPluginManager: Mounting plugin OnlineSubsystemNull
LogPluginManager: Mounting plugin OnlineSubsystem
LogPluginManager: Mounting plugin OnlineSubsystemUtils
LogPluginManager: Mounting plugin LauncherChunkInstaller
LogPluginManager: Mounting plugin AndroidPermission
LogPluginManager: Mounting plugin AppleImageUtils
LogPluginManager: Mounting plugin ArchVisCharacter
LogPluginManager: Mounting plugin AssetTags
LogPluginManager: Mounting plugin AudioCapture
LogPluginManager: Mounting plugin CableComponent
LogPluginManager: Mounting plugin CustomMeshComponent
LogPluginManager: Mounting plugin ExampleDeviceProfileSelector
LogPluginManager: Mounting plugin GooglePAD
LogPluginManager: Mounting plugin LocationServicesBPLibrary
LogPluginManager: Mounting plugin MobilePatchingUtils
LogPluginManager: Mounting plugin OculusVR
LogPluginManager: Mounting plugin PhysXVehicles
LogPluginManager: Mounting plugin RuntimePhysXCooking
LogPluginManager: Mounting plugin SoundFields
LogPluginManager: Mounting plugin SteamVR
LogPluginManager: Mounting plugin Synthesis
LogPluginManager: Mounting plugin WebMMoviePlayer
LogPluginManager: Mounting plugin WebMMedia
LogPluginManager: Mounting plugin WindowsMoviePlayer
LogInit: Using libcurl 7.55.1-DEV
LogInit:  - built for x86_64-pc-win32
LogInit:  - supports SSL with OpenSSL/1.1.1
LogInit:  - supports HTTP deflate (compression) using libz 1.2.8
LogInit:  - other features:
LogInit:      CURL_VERSION_SSL
LogInit:      CURL_VERSION_LIBZ
LogInit:      CURL_VERSION_IPV6
LogInit:      CURL_VERSION_ASYNCHDNS
LogInit:      CURL_VERSION_LARGEFILE
LogInit:      CURL_VERSION_IDN
LogInit:  CurlRequestOptions (configurable via config and command line):
LogInit:  - bVerifyPeer = true  - Libcurl will verify peer certificate
LogInit:  - bUseHttpProxy = false  - Libcurl will NOT use HTTP proxy
LogInit:  - bDontReuseConnections = false  - Libcurl will reuse connections
LogInit:  - MaxHostConnections = 16  - Libcurl will limit the number of connections to a host
LogInit:  - LocalHostAddr = Default
LogInit:  - BufferSize = 65536
LogOnline: OSS: Creating online subsystem instance for: NULL
LogInit: WinSock: version 1.1 (2.2), MaxSocks=32767, MaxUdp=65467
LogOnline: OSS: TryLoadSubsystemAndSetDefault: Loaded subsystem for module [NULL]
LogOculusPluginWrapper: OculusPlugin initialized successfully
LogInit: Build: ++UE4+Release-4.25-CL-13942748
LogInit: Engine Version: 4.25.3-13942748+++UE4+Release-4.25
LogInit: Compatible Engine Version: 4.25.0-13144385+++UE4+Release-4.25
LogInit: Net CL: 13144385
LogInit: OS: Windows 10 (Release 2004) (), CPU: AMD Ryzen 5 1600 Six-Core Processor            , GPU: Radeon RX 590 Series
LogInit: Compiled (64-bit): Jul 25 2020 02:13:35
LogInit: Compiled with Visual C++: 19.16.27032.01
LogInit: Build Configuration: Development
LogInit: Branch Name: ++UE4+Release-4.25
LogInit: Command Line: 
LogInit: Base Directory: C:/Users/SKomp/OneDrive/Desktop/VR-GeLab/Nightmare_on_Bahnhofsstreet/Engine/Binaries/Win64/
LogInit: Allocator: binned2
LogInit: Installed Engine Build: 0
LogDevObjectVersion: Number of dev versions registered: 26
LogDevObjectVersion:   Dev-Blueprints (B0D832E4-1F89-4F0D-ACCF-7EB736FD4AA2): 10
LogDevObjectVersion:   Dev-Build (E1C64328-A22C-4D53-A36C-8E866417BD8C): 0
LogDevObjectVersion:   Dev-Core (375EC13C-06E4-48FB-B500-84F0262A717E): 4
LogDevObjectVersion:   Dev-Editor (E4B068ED-F494-42E9-A231-DA0B2E46BB41): 38
LogDevObjectVersion:   Dev-Framework (CFFC743F-43B0-4480-9391-14DF171D2073): 37
LogDevObjectVersion:   Dev-Mobile (B02B49B5-BB20-44E9-A304-32B752E40360): 2
LogDevObjectVersion:   Dev-Networking (A4E4105C-59A1-49B5-A7C5-40C4547EDFEE): 0
LogDevObjectVersion:   Dev-Online (39C831C9-5AE6-47DC-9A44-9C173E1C8E7C): 0
LogDevObjectVersion:   Dev-Physics (78F01B33-EBEA-4F98-B9B4-84EACCB95AA2): 4
LogDevObjectVersion:   Dev-Platform (6631380F-2D4D-43E0-8009-CF276956A95A): 0
LogDevObjectVersion:   Dev-Rendering (12F88B9F-8875-4AFC-A67C-D90C383ABD29): 43
LogDevObjectVersion:   Dev-Sequencer (7B5AE74C-D270-4C10-A958-57980B212A5A): 12
LogDevObjectVersion:   Dev-VR (D7296918-1DD6-4BDD-9DE2-64A83CC13884): 3
LogDevObjectVersion:   Dev-LoadTimes (C2A15278-BFE7-4AFE-6C17-90FF531DF755): 1
LogDevObjectVersion:   Private-Geometry (6EACA3D4-40EC-4CC1-B786-8BED09428FC5): 3
LogDevObjectVersion:   Dev-AnimPhys (29E575DD-E0A3-4627-9D10-D276232CDCEA): 17
LogDevObjectVersion:   Dev-Anim (AF43A65D-7FD3-4947-9873-3E8ED9C1BB05): 7
LogDevObjectVersion:   Dev-ReflectionCapture (6B266CEC-1EC7-4B8F-A30B-E4D90942FC07): 1
LogDevObjectVersion:   Dev-Automation (0DF73D61-A23F-47EA-B727-89E90C41499A): 1
LogDevObjectVersion:   FortniteMain (601D1886-AC64-4F84-AA16-D3DE0DEAC7D6): 31
LogDevObjectVersion:   Dev-Enterprise (9DFFBCD6-494F-0158-E221-12823C92A888): 10
LogDevObjectVersion:   Dev-Niagara (F2AED0AC-9AFE-416F-8664-AA7FFA26D6FC): 1
LogDevObjectVersion:   Dev-Destruction (174F1F0B-B4C6-45A5-B13F-2EE8D0FB917D): 10
LogDevObjectVersion:   Dev-Physics-Ext (35F94A83-E258-406C-A318-09F59610247C): 37
LogDevObjectVersion:   Dev-PhysicsMaterial-Chaos (B68FC16E-8B1B-42E2-B453-215C058844FE): 1
LogDevObjectVersion:   Dev-CineCamera (B2E18506-4273-CFC2-A54E-F4BB758BBA07): 1
LogInit: Presizing for max 2097152 objects, including 1 objects not considered by GC, pre-allocating 0 bytes for permanent pool.
LogConfig: Applying CVar settings from Section [/Script/Engine.StreamingSettings] File [../../../GELab_VR/Saved/Config/WindowsNoEditor/Engine.ini]
LogConfig: Setting CVar [[s.MinBulkDataSizeForAsyncLoading:131072]]
LogConfig: Setting CVar [[s.AsyncLoadingThreadEnabled:0]]
LogConfig: Setting CVar [[s.EventDrivenLoaderEnabled:1]]
LogConfig: Setting CVar [[s.WarnIfTimeLimitExceeded:0]]
LogConfig: Setting CVar [[s.TimeLimitExceededMultiplier:1.5]]
LogConfig: Setting CVar [[s.TimeLimitExceededMinTime:0.005]]
LogConfig: Setting CVar [[s.UseBackgroundLevelStreaming:1]]
LogConfig: Setting CVar [[s.PriorityAsyncLoadingExtraTime:15.0]]
LogConfig: Setting CVar [[s.LevelStreamingActorsUpdateTimeLimit:5.0]]
LogConfig: Setting CVar [[s.PriorityLevelStreamingActorsUpdateExtraTime:5.0]]
LogConfig: Setting CVar [[s.LevelStreamingComponentsRegistrationGranularity:10]]
LogConfig: Setting CVar [[s.UnregisterComponentsTimeLimit:1.0]]
LogConfig: Setting CVar [[s.LevelStreamingComponentsUnregistrationGranularity:5]]
LogConfig: Setting CVar [[s.FlushStreamingOnExit:1]]
LogStreaming: Display: Async Loading initialized: Event Driven Loader: true, Async Loading Thread: false, Async Post Load: true
LogInit: Object subsystem initialized
LogConfig: Setting CVar [[con.DebugEarlyDefault:1]]
LogConfig: Setting CVar [[r.setres:1280x720]]
LogConfig: Setting CVar [[fx.NiagaraAllowRuntimeScalabilityChanges:1]]
[2021.03.06-21.31.21:248][  0]LogConfig: Setting CVar [[con.DebugEarlyDefault:1]]
[2021.03.06-21.31.21:248][  0]LogConfig: Setting CVar [[r.setres:1280x720]]
[2021.03.06-21.31.21:248][  0]LogConfig: Setting CVar [[fx.NiagaraAllowRuntimeScalabilityChanges:1]]
[2021.03.06-21.31.21:248][  0]LogConfig: Applying CVar settings from Section [/Script/Engine.RendererSettings] File [../../../GELab_VR/Saved/Config/WindowsNoEditor/Engine.ini]
[2021.03.06-21.31.21:248][  0]LogConfig: Setting CVar [[r.GPUCrashDebugging:0]]
[2021.03.06-21.31.21:248][  0]LogConfig: Setting CVar [[r.Mobile.DisableVertexFog:1]]
[2021.03.06-21.31.21:248][  0]LogConfig: Setting CVar [[r.Shadow.CSM.MaxMobileCascades:2]]
[2021.03.06-21.31.21:248][  0]LogConfig: Setting CVar [[r.MobileMSAA:1]]
[2021.03.06-21.31.21:248][  0]LogConfig: Setting CVar [[r.Mobile.UseLegacyShadingModel:0]]
[2021.03.06-21.31.21:248][  0]LogConfig: Setting CVar [[r.Mobile.AllowDitheredLODTransition:0]]
[2021.03.06-21.31.21:248][  0]LogConfig: Setting CVar [[r.Mobile.AllowSoftwareOcclusion:0]]
[2021.03.06-21.31.21:248][  0]LogConfig: Setting CVar [[r.Mobile.VirtualTextures:0]]
[2021.03.06-21.31.21:248][  0]LogConfig: Setting CVar [[r.DiscardUnusedQuality:0]]
[2021.03.06-21.31.21:248][  0]LogConfig: Setting CVar [[r.AllowOcclusionQueries:1]]
[2021.03.06-21.31.21:248][  0]LogConfig: Setting CVar [[r.MinScreenRadiusForLights:0.030000]]
[2021.03.06-21.31.21:248][  0]LogConfig: Setting CVar [[r.MinScreenRadiusForDepthPrepass:0.030000]]
[2021.03.06-21.31.21:248][  0]LogConfig: Setting CVar [[r.MinScreenRadiusForCSMDepth:0.010000]]
[2021.03.06-21.31.21:249][  0]LogConfig: Setting CVar [[r.PrecomputedVisibilityWarning:0]]
[2021.03.06-21.31.21:249][  0]LogConfig: Setting CVar [[r.TextureStreaming:1]]
[2021.03.06-21.31.21:249][  0]LogConfig: Setting CVar [[Compat.UseDXT5NormalMaps:0]]
[2021.03.06-21.31.21:249][  0]LogConfig: Setting CVar [[r.VirtualTextures:0]]
[2021.03.06-21.31.21:249][  0]LogConfig: Setting CVar [[r.VirtualTexturedLightmaps:0]]
[2021.03.06-21.31.21:249][  0]LogConfig: Setting CVar [[r.VT.TileSize:128]]
[2021.03.06-21.31.21:249][  0]LogConfig: Setting CVar [[r.VT.TileBorderSize:4]]
[2021.03.06-21.31.21:249][  0]LogConfig: Setting CVar [[r.vt.FeedbackFactor:16]]
[2021.03.06-21.31.21:249][  0]LogConfig: Setting CVar [[r.VT.EnableCompressZlib:1]]
[2021.03.06-21.31.21:249][  0]LogConfig: Setting CVar [[r.VT.EnableCompressCrunch:0]]
[2021.03.06-21.31.21:249][  0]LogConfig: Setting CVar [[r.ClearCoatNormal:0]]
[2021.03.06-21.31.21:249][  0]LogConfig: Setting CVar [[r.AnisotropicBRDF:0]]
[2021.03.06-21.31.21:249][  0]LogConfig: Setting CVar [[r.ReflectionCaptureResolution:128]]
[2021.03.06-21.31.21:249][  0]LogConfig: Setting CVar [[r.ReflectionEnvironmentLightmapMixBasedOnRoughness:1]]
[2021.03.06-21.31.21:249][  0]LogConfig: Setting CVar [[r.ForwardShading:0]]
[2021.03.06-21.31.21:249][  0]LogConfig: Setting CVar [[r.VertexFoggingForOpaque:1]]
[2021.03.06-21.31.21:249][  0]LogConfig: Setting CVar [[r.AllowStaticLighting:1]]
[2021.03.06-21.31.21:249][  0]LogConfig: Setting CVar [[r.NormalMapsForStaticLighting:0]]
[2021.03.06-21.31.21:249][  0]LogConfig: Setting CVar [[r.GenerateMeshDistanceFields:0]]
[2021.03.06-21.31.21:249][  0]LogConfig: Setting CVar [[r.DistanceFieldBuild.EightBit:0]]
[2021.03.06-21.31.21:249][  0]LogConfig: Setting CVar [[r.GenerateLandscapeGIData:0]]
[2021.03.06-21.31.21:249][  0]LogConfig: Setting CVar [[r.DistanceFieldBuild.Compress:0]]
[2021.03.06-21.31.21:249][  0]LogConfig: Setting CVar [[r.TessellationAdaptivePixelsPerTriangle:48.000000]]
[2021.03.06-21.31.21:249][  0]LogConfig: Setting CVar [[r.SeparateTranslucency:1]]
[2021.03.06-21.31.21:249][  0]LogConfig: Setting CVar [[r.TranslucentSortPolicy:0]]
[2021.03.06-21.31.21:249][  0]LogConfig: Setting CVar [[r.CustomDepth:1]]
[2021.03.06-21.31.21:249][  0]LogConfig: Setting CVar [[r.CustomDepthTemporalAAJitter:1]]
[2021.03.06-21.31.21:249][  0]LogConfig: Setting CVar [[r.PostProcessing.PropagateAlpha:0]]
[2021.03.06-21.31.21:249][  0]LogConfig: Setting CVar [[r.DefaultFeature.Bloom:1]]
[2021.03.06-21.31.21:249][  0]LogConfig: Setting CVar [[r.DefaultFeature.AmbientOcclusion:1]]
[2021.03.06-21.31.21:249][  0]LogConfig: Setting CVar [[r.DefaultFeature.AmbientOcclusionStaticFraction:0]]
[2021.03.06-21.31.21:249][  0]LogConfig: Setting CVar [[r.DefaultFeature.AutoExposure:0]]
[2021.03.06-21.31.21:249][  0]LogConfig: Setting CVar [[r.DefaultFeature.AutoExposure.Method:0]]
[2021.03.06-21.31.21:249][  0]LogConfig: Setting CVar [[r.DefaultFeature.AutoExposure.Bias:1.000000]]
[2021.03.06-21.31.21:249][  0]LogConfig: Setting CVar [[r.DefaultFeature.AutoExposure.ExtendDefaultLuminanceRange:0]]
[2021.03.06-21.31.21:249][  0]LogConfig: Setting CVar [[r.UsePreExposure:1]]
[2021.03.06-21.31.21:249][  0]LogConfig: Setting CVar [[r.EyeAdaptation.EditorOnly:0]]
[2021.03.06-21.31.21:249][  0]LogConfig: Setting CVar [[r.DefaultFeature.MotionBlur:0]]
[2021.03.06-21.31.21:249][  0]LogConfig: Setting CVar [[r.DefaultFeature.LensFlare:0]]
[2021.03.06-21.31.21:249][  0]LogConfig: Setting CVar [[r.TemporalAA.Upsampling:0]]
[2021.03.06-21.31.21:249][  0]LogConfig: Setting CVar [[r.SSGI.Enable:0]]
[2021.03.06-21.31.21:249][  0]LogConfig: Setting CVar [[r.DefaultFeature.AntiAliasing:0]]
[2021.03.06-21.31.21:249][  0]LogConfig: Setting CVar [[r.DefaultFeature.LightUnits:1]]
[2021.03.06-21.31.21:249][  0]LogConfig: Setting CVar [[r.DefaultBackBufferPixelFormat:4]]
[2021.03.06-21.31.21:249][  0]LogConfig: Setting CVar [[r.Shadow.UnbuiltPreviewInGame:1]]
[2021.03.06-21.31.21:249][  0]LogConfig: Setting CVar [[r.StencilForLODDither:0]]
[2021.03.06-21.31.21:249][  0]LogConfig: Setting CVar [[r.EarlyZPass:3]]
[2021.03.06-21.31.21:249][  0]LogConfig: Setting CVar [[r.EarlyZPassOnlyMaterialMasking:0]]
[2021.03.06-21.31.21:249][  0]LogConfig: Setting CVar [[r.DBuffer:1]]
[2021.03.06-21.31.21:249][  0]LogConfig: Setting CVar [[r.ClearSceneMethod:1]]
[2021.03.06-21.31.21:249][  0]LogConfig: Setting CVar [[r.BasePassOutputsVelocity:0]]
[2021.03.06-21.31.21:249][  0]LogConfig: Setting CVar [[r.VertexDeformationOutputsVelocity:0]]
[2021.03.06-21.31.21:249][  0]LogConfig: Setting CVar [[r.SelectiveBasePassOutputs:0]]
[2021.03.06-21.31.21:249][  0]LogConfig: Setting CVar [[fx.GPUSimulationTextureSizeX:1024]]
[2021.03.06-21.31.21:249][  0]LogConfig: Setting CVar [[fx.GPUSimulationTextureSizeY:1024]]
[2021.03.06-21.31.21:249][  0]LogConfig: Setting CVar [[r.AllowGlobalClipPlane:0]]
[2021.03.06-21.31.21:249][  0]LogConfig: Setting CVar [[r.GBufferFormat:1]]
[2021.03.06-21.31.21:249][  0]LogConfig: Setting CVar [[r.MorphTarget.Mode:1]]
[2021.03.06-21.31.21:249][  0]LogConfig: Setting CVar [[vr.InstancedStereo:1]]
[2021.03.06-21.31.21:249][  0]LogConfig: Setting CVar [[r.MobileHDR:1]]
[2021.03.06-21.31.21:249][  0]LogConfig: Setting CVar [[vr.MobileMultiView:0]]
[2021.03.06-21.31.21:249][  0]LogConfig: Setting CVar [[r.Mobile.UseHWsRGBEncoding:0]]
[2021.03.06-21.31.21:249][  0]LogConfig: Setting CVar [[vr.RoundRobinOcclusion:0]]
[2021.03.06-21.31.21:249][  0]LogConfig: Setting CVar [[vr.ODSCapture:0]]
[2021.03.06-21.31.21:249][  0]LogConfig: Setting CVar [[r.MeshStreaming:0]]
[2021.03.06-21.31.21:249][  0]LogConfig: Setting CVar [[r.WireframeCullThreshold:5.000000]]
[2021.03.06-21.31.21:249][  0]LogConfig: Setting CVar [[r.RayTracing:0]]
[2021.03.06-21.31.21:249][  0]LogConfig: Setting CVar [[r.RayTracing.UseTextureLod:0]]
[2021.03.06-21.31.21:249][  0]LogConfig: Setting CVar [[r.SupportStationarySkylight:1]]
[2021.03.06-21.31.21:250][  0]LogConfig: Setting CVar [[r.SupportLowQualityLightmaps:1]]
[2021.03.06-21.31.21:250][  0]LogConfig: Setting CVar [[r.SupportPointLightWholeSceneShadows:1]]
[2021.03.06-21.31.21:250][  0]LogConfig: Setting CVar [[r.SupportAtmosphericFog:1]]
[2021.03.06-21.31.21:250][  0]LogConfig: Setting CVar [[r.SupportSkyAtmosphere:1]]
[2021.03.06-21.31.21:250][  0]LogConfig: Setting CVar [[r.SupportSkyAtmosphereAffectsHeightFog:0]]
[2021.03.06-21.31.21:250][  0]LogConfig: Setting CVar [[r.SkinCache.CompileShaders:0]]
[2021.03.06-21.31.21:250][  0]LogConfig: Setting CVar [[r.SkinCache.DefaultBehavior:1]]
[2021.03.06-21.31.21:250][  0]LogConfig: Setting CVar [[r.SkinCache.SceneMemoryLimitInMB:128.000000]]
[2021.03.06-21.31.21:250][  0]LogConfig: Setting CVar [[r.Mobile.EnableStaticAndCSMShadowReceivers:1]]
[2021.03.06-21.31.21:250][  0]LogConfig: Setting CVar [[r.Mobile.EnableMovableLightCSMShaderCulling:1]]
[2021.03.06-21.31.21:250][  0]LogConfig: Setting CVar [[r.Mobile.AllowDistanceFieldShadows:1]]
[2021.03.06-21.31.21:250][  0]LogConfig: Setting CVar [[r.Mobile.AllowMovableDirectionalLights:1]]
[2021.03.06-21.31.21:250][  0]LogConfig: Setting CVar [[r.MobileNumDynamicPointLights:4]]
[2021.03.06-21.31.21:250][  0]LogConfig: Setting CVar [[r.MobileDynamicPointLightsUseStaticBranch:1]]
[2021.03.06-21.31.21:250][  0]LogConfig: Setting CVar [[r.Mobile.EnableMovableSpotlights:0]]
[2021.03.06-21.31.21:250][  0]LogConfig: Setting CVar [[r.GPUSkin.Support16BitBoneIndex:0]]
[2021.03.06-21.31.21:250][  0]LogConfig: Setting CVar [[r.GPUSkin.Limit2BoneInfluences:0]]
[2021.03.06-21.31.21:250][  0]LogConfig: Setting CVar [[r.SupportDepthOnlyIndexBuffers:1]]
[2021.03.06-21.31.21:250][  0]LogConfig: Setting CVar [[r.SupportReversedIndexBuffers:1]]
[2021.03.06-21.31.21:250][  0]LogConfig: Setting CVar [[r.SupportMaterialLayers:0]]
[2021.03.06-21.31.21:250][  0]LogConfig: Setting CVar [[r.LightPropagationVolume:0]]
[2021.03.06-21.31.21:250][  0]LogConfig: Applying CVar settings from Section [/Script/Engine.RendererOverrideSettings] File [../../../GELab_VR/Saved/Config/WindowsNoEditor/Engine.ini]
[2021.03.06-21.31.21:250][  0]LogConfig: Applying CVar settings from Section [/Script/Engine.StreamingSettings] File [../../../GELab_VR/Saved/Config/WindowsNoEditor/Engine.ini]
[2021.03.06-21.31.21:250][  0]LogConfig: Setting CVar [[s.MinBulkDataSizeForAsyncLoading:131072]]
[2021.03.06-21.31.21:250][  0]LogConfig: Setting CVar [[s.AsyncLoadingThreadEnabled:0]]
[2021.03.06-21.31.21:250][  0]LogConfig: Setting CVar [[s.EventDrivenLoaderEnabled:1]]
[2021.03.06-21.31.21:250][  0]LogConfig: Setting CVar [[s.WarnIfTimeLimitExceeded:0]]
[2021.03.06-21.31.21:250][  0]LogConfig: Setting CVar [[s.TimeLimitExceededMultiplier:1.5]]
[2021.03.06-21.31.21:250][  0]LogConfig: Setting CVar [[s.TimeLimitExceededMinTime:0.005]]
[2021.03.06-21.31.21:250][  0]LogConfig: Setting CVar [[s.UseBackgroundLevelStreaming:1]]
[2021.03.06-21.31.21:250][  0]LogConfig: Setting CVar [[s.PriorityAsyncLoadingExtraTime:15.0]]
[2021.03.06-21.31.21:250][  0]LogConfig: Setting CVar [[s.LevelStreamingActorsUpdateTimeLimit:5.0]]
[2021.03.06-21.31.21:250][  0]LogConfig: Setting CVar [[s.PriorityLevelStreamingActorsUpdateExtraTime:5.0]]
[2021.03.06-21.31.21:250][  0]LogConfig: Setting CVar [[s.LevelStreamingComponentsRegistrationGranularity:10]]
[2021.03.06-21.31.21:250][  0]LogConfig: Setting CVar [[s.UnregisterComponentsTimeLimit:1.0]]
[2021.03.06-21.31.21:250][  0]LogConfig: Setting CVar [[s.LevelStreamingComponentsUnregistrationGranularity:5]]
[2021.03.06-21.31.21:250][  0]LogConfig: Setting CVar [[s.FlushStreamingOnExit:1]]
[2021.03.06-21.31.21:250][  0]LogConfig: Applying CVar settings from Section [/Script/Engine.GarbageCollectionSettings] File [../../../GELab_VR/Saved/Config/WindowsNoEditor/Engine.ini]
[2021.03.06-21.31.21:250][  0]LogConfig: Setting CVar [[gc.MaxObjectsNotConsideredByGC:1]]
[2021.03.06-21.31.21:250][  0]LogConfig: Setting CVar [[gc.SizeOfPermanentObjectPool:0]]
[2021.03.06-21.31.21:250][  0]LogConfig: Setting CVar [[gc.FlushStreamingOnGC:0]]
[2021.03.06-21.31.21:250][  0]LogConfig: Setting CVar [[gc.NumRetriesBeforeForcingGC:10]]
[2021.03.06-21.31.21:250][  0]LogConfig: Setting CVar [[gc.AllowParallelGC:1]]
[2021.03.06-21.31.21:250][  0]LogConfig: Setting CVar [[gc.TimeBetweenPurgingPendingKillObjects:61.1]]
[2021.03.06-21.31.21:250][  0]LogConfig: Setting CVar [[gc.MaxObjectsInEditor:25165824]]
[2021.03.06-21.31.21:250][  0]LogConfig: Setting CVar [[gc.IncrementalBeginDestroyEnabled:1]]
[2021.03.06-21.31.21:250][  0]LogConfig: Setting CVar [[gc.CreateGCClusters:1]]
[2021.03.06-21.31.21:250][  0]LogConfig: Setting CVar [[gc.MinGCClusterSize:5]]
[2021.03.06-21.31.21:250][  0]LogConfig: Setting CVar [[gc.ActorClusteringEnabled:0]]
[2021.03.06-21.31.21:250][  0]LogConfig: Setting CVar [[gc.BlueprintClusteringEnabled:0]]
[2021.03.06-21.31.21:250][  0]LogConfig: Setting CVar [[gc.UseDisregardForGCOnDedicatedServers:0]]
[2021.03.06-21.31.21:250][  0]LogConfig: Applying CVar settings from Section [/Script/Engine.NetworkSettings] File [../../../GELab_VR/Saved/Config/WindowsNoEditor/Engine.ini]
[2021.03.06-21.31.21:267][  0]LogConfig: Applying CVar settings from Section [ViewDistanceQuality@3] File [../../../GELab_VR/Saved/Config/WindowsNoEditor/Scalability.ini]
[2021.03.06-21.31.21:267][  0]LogConfig: Setting CVar [[r.SkeletalMeshLODBias:0]]
[2021.03.06-21.31.21:267][  0]LogConfig: Setting CVar [[r.ViewDistanceScale:1.0]]
[2021.03.06-21.31.21:267][  0]LogConfig: Applying CVar settings from Section [AntiAliasingQuality@3] File [../../../GELab_VR/Saved/Config/WindowsNoEditor/Scalability.ini]
[2021.03.06-21.31.21:267][  0]LogConfig: Setting CVar [[r.PostProcessAAQuality:3]]
[2021.03.06-21.31.21:267][  0]LogConfig: Applying CVar settings from Section [ShadowQuality@3] File [../../../GELab_VR/Saved/Config/WindowsNoEditor/Scalability.ini]
[2021.03.06-21.31.21:267][  0]LogConfig: Setting CVar [[r.LightFunctionQuality:1]]
[2021.03.06-21.31.21:267][  0]LogConfig: Setting CVar [[r.ShadowQuality:5]]
[2021.03.06-21.31.21:267][  0]LogConfig: Setting CVar [[r.Shadow.CSM.MaxCascades:10]]
[2021.03.06-21.31.21:268][  0]LogConfig: Setting CVar [[r.Shadow.MaxResolution:2048]]
[2021.03.06-21.31.21:268][  0]LogConfig: Setting CVar [[r.Shadow.MaxCSMResolution:2048]]
[2021.03.06-21.31.21:268][  0]LogConfig: Setting CVar [[r.Shadow.RadiusThreshold:0.01]]
[2021.03.06-21.31.21:268][  0]LogConfig: Setting CVar [[r.Shadow.DistanceScale:1.0]]
[2021.03.06-21.31.21:268][  0]LogConfig: Setting CVar [[r.Shadow.CSM.TransitionScale:1.0]]
[2021.03.06-21.31.21:268][  0]LogConfig: Setting CVar [[r.Shadow.PreShadowResolutionFactor:1.0]]
[2021.03.06-21.31.21:268][  0]LogConfig: Setting CVar [[r.DistanceFieldShadowing:1]]
[2021.03.06-21.31.21:268][  0]LogConfig: Setting CVar [[r.DistanceFieldAO:1]]
[2021.03.06-21.31.21:268][  0]LogConfig: Setting CVar [[r.AOQuality:2]]
[2021.03.06-21.31.21:268][  0]LogConfig: Setting CVar [[r.VolumetricFog:1]]
[2021.03.06-21.31.21:268][  0]LogConfig: Setting CVar [[r.VolumetricFog.GridPixelSize:8]]
[2021.03.06-21.31.21:268][  0]LogConfig: Setting CVar [[r.VolumetricFog.GridSizeZ:128]]
[2021.03.06-21.31.21:268][  0]LogConfig: Setting CVar [[r.VolumetricFog.HistoryMissSupersampleCount:4]]
[2021.03.06-21.31.21:268][  0]LogConfig: Setting CVar [[r.LightMaxDrawDistanceScale:1]]
[2021.03.06-21.31.21:268][  0]LogConfig: Setting CVar [[r.CapsuleShadows:1]]
[2021.03.06-21.31.21:268][  0]LogConfig: Applying CVar settings from Section [PostProcessQuality@3] File [../../../GELab_VR/Saved/Config/WindowsNoEditor/Scalability.ini]
[2021.03.06-21.31.21:268][  0]LogConfig: Setting CVar [[r.MotionBlurQuality:0]]
[2021.03.06-21.31.21:268][  0]LogConfig: Setting CVar [[r.AmbientOcclusionMipLevelFactor:0.4]]
[2021.03.06-21.31.21:268][  0]LogConfig: Setting CVar [[r.AmbientOcclusionMaxQuality:100]]
[2021.03.06-21.31.21:268][  0]LogConfig: Setting CVar [[r.AmbientOcclusionLevels:0]]
[2021.03.06-21.31.21:268][  0]LogConfig: Setting CVar [[r.AmbientOcclusionRadiusScale:1.0]]
[2021.03.06-21.31.21:268][  0]LogConfig: Setting CVar [[r.DepthOfFieldQuality:0]]
[2021.03.06-21.31.21:268][  0]LogConfig: Setting CVar [[r.RenderTargetPoolMin:400]]
[2021.03.06-21.31.21:268][  0]LogConfig: Setting CVar [[r.LensFlareQuality:0]]
[2021.03.06-21.31.21:268][  0]LogConfig: Setting CVar [[r.SceneColorFringeQuality:0]]
[2021.03.06-21.31.21:268][  0]LogConfig: Setting CVar [[r.EyeAdaptationQuality:2]]
[2021.03.06-21.31.21:268][  0]LogConfig: Setting CVar [[r.BloomQuality:1]]
[2021.03.06-21.31.21:268][  0]LogConfig: Setting CVar [[r.FastBlurThreshold:0]]
[2021.03.06-21.31.21:268][  0]LogConfig: Setting CVar [[r.Upscale.Quality:3]]
[2021.03.06-21.31.21:268][  0]LogConfig: Setting CVar [[r.Tonemapper.GrainQuantization:1]]
[2021.03.06-21.31.21:268][  0]LogConfig: Setting CVar [[r.LightShaftQuality:1]]
[2021.03.06-21.31.21:268][  0]LogConfig: Setting CVar [[r.Filter.SizeScale:1]]
[2021.03.06-21.31.21:268][  0]LogConfig: Setting CVar [[r.Tonemapper.Quality:5]]
[2021.03.06-21.31.21:268][  0]LogConfig: Setting CVar [[r.DOF.Gather.AccumulatorQuality:1        ; higher gathering accumulator quality]]
[2021.03.06-21.31.21:268][  0]LogConfig: Setting CVar [[r.DOF.Gather.PostfilterMethod:1          ; Median3x3 postfilering method]]
[2021.03.06-21.31.21:268][  0]LogConfig: Setting CVar [[r.DOF.Gather.EnableBokehSettings:0       ; no bokeh simulation when gathering]]
[2021.03.06-21.31.21:268][  0]LogConfig: Setting CVar [[r.DOF.Gather.RingCount:4                 ; medium number of samples when gathering]]
[2021.03.06-21.31.21:268][  0]LogConfig: Setting CVar [[r.DOF.Scatter.ForegroundCompositing:1    ; additive foreground scattering]]
[2021.03.06-21.31.21:268][  0]LogConfig: Setting CVar [[r.DOF.Scatter.BackgroundCompositing:2    ; additive background scattering]]
[2021.03.06-21.31.21:268][  0]LogConfig: Setting CVar [[r.DOF.Scatter.EnableBokehSettings:1      ; bokeh simulation when scattering]]
[2021.03.06-21.31.21:268][  0]LogConfig: Setting CVar [[r.DOF.Scatter.MaxSpriteRatio:0.1         ; only a maximum of 10% of scattered bokeh]]
[2021.03.06-21.31.21:268][  0]LogConfig: Setting CVar [[r.DOF.Recombine.Quality:1                ; cheap slight out of focus]]
[2021.03.06-21.31.21:268][  0]LogConfig: Setting CVar [[r.DOF.Recombine.EnableBokehSettings:0    ; no bokeh simulation on slight out of focus]]
[2021.03.06-21.31.21:268][  0]LogConfig: Setting CVar [[r.DOF.TemporalAAQuality:1                ; more stable temporal accumulation]]
[2021.03.06-21.31.21:268][  0]LogConfig: Setting CVar [[r.DOF.Kernel.MaxForegroundRadius:0.025]]
[2021.03.06-21.31.21:268][  0]LogConfig: Setting CVar [[r.DOF.Kernel.MaxBackgroundRadius:0.025]]
[2021.03.06-21.31.21:268][  0]LogConfig: Applying CVar settings from Section [TextureQuality@3] File [../../../GELab_VR/Saved/Config/WindowsNoEditor/Scalability.ini]
[2021.03.06-21.31.21:268][  0]LogConfig: Setting CVar [[r.Streaming.MipBias:0]]
[2021.03.06-21.31.21:268][  0]LogConfig: Setting CVar [[r.Streaming.AmortizeCPUToGPUCopy:0]]
[2021.03.06-21.31.21:268][  0]LogConfig: Setting CVar [[r.Streaming.MaxNumTexturesToStreamPerFrame:0]]
[2021.03.06-21.31.21:268][  0]LogConfig: Setting CVar [[r.Streaming.Boost:1]]
[2021.03.06-21.31.21:268][  0]LogConfig: Setting CVar [[r.MaxAnisotropy:8]]
[2021.03.06-21.31.21:268][  0]LogConfig: Setting CVar [[r.VT.MaxAnisotropy:8]]
[2021.03.06-21.31.21:268][  0]LogConfig: Setting CVar [[r.Streaming.LimitPoolSizeToVRAM:0]]
[2021.03.06-21.31.21:268][  0]LogConfig: Setting CVar [[r.Streaming.PoolSize:1000]]
[2021.03.06-21.31.21:268][  0]LogConfig: Setting CVar [[r.Streaming.MaxEffectiveScreenSize:0]]
[2021.03.06-21.31.21:268][  0]LogConfig: Applying CVar settings from Section [EffectsQuality@3] File [../../../GELab_VR/Saved/Config/WindowsNoEditor/Scalability.ini]
[2021.03.06-21.31.21:268][  0]LogConfig: Setting CVar [[r.TranslucencyLightingVolumeDim:4]]
[2021.03.06-21.31.21:268][  0]LogConfig: Setting CVar [[r.RefractionQuality:2]]
[2021.03.06-21.31.21:268][  0]LogConfig: Setting CVar [[r.SSR.Quality:0]]
[2021.03.06-21.31.21:268][  0]LogConfig: Setting CVar [[r.SSR.HalfResSceneColor:0]]
[2021.03.06-21.31.21:268][  0]LogConfig: Setting CVar [[r.SceneColorFormat:2]]
[2021.03.06-21.31.21:268][  0]LogConfig: Setting CVar [[r.DetailMode:2]]
[2021.03.06-21.31.21:268][  0]LogConfig: Setting CVar [[r.TranslucencyVolumeBlur:0]]
[2021.03.06-21.31.21:268][  0]LogConfig: Setting CVar [[r.MaterialQualityLevel:1 ; High quality]]
[2021.03.06-21.31.21:268][  0]LogConfig: Setting CVar [[r.SSS.Scale:1]]
[2021.03.06-21.31.21:268][  0]LogConfig: Setting CVar [[r.SSS.SampleSet:2]]
[2021.03.06-21.31.21:268][  0]LogConfig: Setting CVar [[r.SSS.Quality:1]]
[2021.03.06-21.31.21:268][  0]LogConfig: Setting CVar [[r.SSS.HalfRes:0]]
[2021.03.06-21.31.21:268][  0]LogConfig: Setting CVar [[r.SSGI.Quality:3]]
[2021.03.06-21.31.21:268][  0]LogConfig: Setting CVar [[r.EmitterSpawnRateScale:1.0]]
[2021.03.06-21.31.21:268][  0]LogConfig: Setting CVar [[r.ParticleLightQuality:2]]
[2021.03.06-21.31.21:269][  0]LogConfig: Setting CVar [[r.SkyAtmosphere.AerialPerspectiveLUT.FastApplyOnOpaque:1 ; Always have FastSkyLUT 1 in this case to avoid wrong sky]]
[2021.03.06-21.31.21:269][  0]LogConfig: Setting CVar [[r.SkyAtmosphere.AerialPerspectiveLUT.SampleCountPerSlice:1]]
[2021.03.06-21.31.21:269][  0]LogConfig: Setting CVar [[r.SkyAtmosphere.AerialPerspectiveLUT.DepthResolution:16.0]]
[2021.03.06-21.31.21:269][  0]LogConfig: Setting CVar [[r.SkyAtmosphere.FastSkyLUT:1]]
[2021.03.06-21.31.21:269][  0]LogConfig: Setting CVar [[r.SkyAtmosphere.FastSkyLUT.SampleCountMin:4.0]]
[2021.03.06-21.31.21:269][  0]LogConfig: Setting CVar [[r.SkyAtmosphere.FastSkyLUT.SampleCountMax:32.0]]
[2021.03.06-21.31.21:269][  0]LogConfig: Setting CVar [[r.SkyAtmosphere.SampleCountMin:4.0]]
[2021.03.06-21.31.21:269][  0]LogConfig: Setting CVar [[r.SkyAtmosphere.SampleCountMax:32.0]]
[2021.03.06-21.31.21:269][  0]LogConfig: Setting CVar [[r.SkyAtmosphere.TransmittanceLUT.UseSmallFormat:0]]
[2021.03.06-21.31.21:269][  0]LogConfig: Setting CVar [[r.SkyAtmosphere.TransmittanceLUT.SampleCount:10.0]]
[2021.03.06-21.31.21:269][  0]LogConfig: Setting CVar [[r.SkyAtmosphere.MultiScatteringLUT.SampleCount:15.0]]
[2021.03.06-21.31.21:269][  0]LogConfig: Setting CVar [[fx.Niagara.QualityLevel:3]]
[2021.03.06-21.31.21:269][  0]LogConfig: Applying CVar settings from Section [FoliageQuality@3] File [../../../GELab_VR/Saved/Config/WindowsNoEditor/Scalability.ini]
[2021.03.06-21.31.21:269][  0]LogConfig: Setting CVar [[foliage.DensityScale:1.0]]
[2021.03.06-21.31.21:269][  0]LogConfig: Setting CVar [[grass.DensityScale:1.0]]
[2021.03.06-21.31.21:269][  0]LogConfig: Applying CVar settings from Section [ShadingQuality@3] File [../../../GELab_VR/Saved/Config/WindowsNoEditor/Scalability.ini]
[2021.03.06-21.31.21:269][  0]LogConfig: Setting CVar [[r.HairStrands.SkyLighting.SampleCount:16]]
[2021.03.06-21.31.21:269][  0]LogConfig: Setting CVar [[r.HairStrands.SkyLighting.JitterIntegration:0]]
[2021.03.06-21.31.21:269][  0]LogConfig: Setting CVar [[r.HairStrands.SkyAO.SampleCount:16]]
[2021.03.06-21.31.21:269][  0]LogConfig: Setting CVar [[r.HairStrands.DeepShadow.SuperSampling:0]]
[2021.03.06-21.31.21:269][  0]LogConfig: Setting CVar [[r.HairStrands.VisibilityPPLL:0]]
[2021.03.06-21.31.21:269][  0]LogConfig: Setting CVar [[r.HairStrands.RasterizationScale:0.5]]
[2021.03.06-21.31.21:269][  0]LogConfig: Setting CVar [[r.HairStrands.VelocityRasterizationScale:1]]
[2021.03.06-21.31.21:269][  0]LogInit: Selected Device Profile: [WindowsNoEditor]
[2021.03.06-21.31.21:269][  0]LogInit: Applying CVar settings loaded from the selected device profile: [WindowsNoEditor]
[2021.03.06-21.31.21:269][  0]LogHAL: Display: Platform has ~ 32 GB [34276229120 / 34359738368 / 32], which maps to Largest [LargestMinGB=32, LargerMinGB=12, DefaultMinGB=8, SmallerMinGB=6, SmallestMinGB=0)
[2021.03.06-21.31.21:269][  0]LogInit: Going up to parent DeviceProfile [Windows]
[2021.03.06-21.31.21:269][  0]LogInit: Going up to parent DeviceProfile []
[2021.03.06-21.31.21:269][  0]LogConfig: Applying CVar settings from Section [ViewDistanceQuality@3] File [../../../GELab_VR/Saved/Config/WindowsNoEditor/Scalability.ini]
[2021.03.06-21.31.21:269][  0]LogConfig: Setting CVar [[r.SkeletalMeshLODBias:0]]
[2021.03.06-21.31.21:269][  0]LogConfig: Setting CVar [[r.ViewDistanceScale:1.0]]
[2021.03.06-21.31.21:269][  0]LogConfig: Applying CVar settings from Section [AntiAliasingQuality@3] File [../../../GELab_VR/Saved/Config/WindowsNoEditor/Scalability.ini]
[2021.03.06-21.31.21:269][  0]LogConfig: Setting CVar [[r.PostProcessAAQuality:3]]
[2021.03.06-21.31.21:269][  0]LogConfig: Applying CVar settings from Section [ShadowQuality@3] File [../../../GELab_VR/Saved/Config/WindowsNoEditor/Scalability.ini]
[2021.03.06-21.31.21:269][  0]LogConfig: Setting CVar [[r.LightFunctionQuality:1]]
[2021.03.06-21.31.21:269][  0]LogConfig: Setting CVar [[r.ShadowQuality:5]]
[2021.03.06-21.31.21:269][  0]LogConfig: Setting CVar [[r.Shadow.CSM.MaxCascades:10]]
[2021.03.06-21.31.21:269][  0]LogConfig: Setting CVar [[r.Shadow.MaxResolution:2048]]
[2021.03.06-21.31.21:269][  0]LogConfig: Setting CVar [[r.Shadow.MaxCSMResolution:2048]]
[2021.03.06-21.31.21:269][  0]LogConfig: Setting CVar [[r.Shadow.RadiusThreshold:0.01]]
[2021.03.06-21.31.21:269][  0]LogConfig: Setting CVar [[r.Shadow.DistanceScale:1.0]]
[2021.03.06-21.31.21:269][  0]LogConfig: Setting CVar [[r.Shadow.CSM.TransitionScale:1.0]]
[2021.03.06-21.31.21:269][  0]LogConfig: Setting CVar [[r.Shadow.PreShadowResolutionFactor:1.0]]
[2021.03.06-21.31.21:269][  0]LogConfig: Setting CVar [[r.DistanceFieldShadowing:1]]
[2021.03.06-21.31.21:269][  0]LogConfig: Setting CVar [[r.DistanceFieldAO:1]]
[2021.03.06-21.31.21:269][  0]LogConfig: Setting CVar [[r.AOQuality:2]]
[2021.03.06-21.31.21:269][  0]LogConfig: Setting CVar [[r.VolumetricFog:1]]
[2021.03.06-21.31.21:269][  0]LogConfig: Setting CVar [[r.VolumetricFog.GridPixelSize:8]]
[2021.03.06-21.31.21:269][  0]LogConfig: Setting CVar [[r.VolumetricFog.GridSizeZ:128]]
[2021.03.06-21.31.21:269][  0]LogConfig: Setting CVar [[r.VolumetricFog.HistoryMissSupersampleCount:4]]
[2021.03.06-21.31.21:269][  0]LogConfig: Setting CVar [[r.LightMaxDrawDistanceScale:1]]
[2021.03.06-21.31.21:269][  0]LogConfig: Setting CVar [[r.CapsuleShadows:1]]
[2021.03.06-21.31.21:269][  0]LogConfig: Applying CVar settings from Section [PostProcessQuality@3] File [../../../GELab_VR/Saved/Config/WindowsNoEditor/Scalability.ini]
[2021.03.06-21.31.21:269][  0]LogConfig: Setting CVar [[r.MotionBlurQuality:0]]
[2021.03.06-21.31.21:269][  0]LogConfig: Setting CVar [[r.AmbientOcclusionMipLevelFactor:0.4]]
[2021.03.06-21.31.21:269][  0]LogConfig: Setting CVar [[r.AmbientOcclusionMaxQuality:100]]
[2021.03.06-21.31.21:269][  0]LogConfig: Setting CVar [[r.AmbientOcclusionLevels:0]]
[2021.03.06-21.31.21:269][  0]LogConfig: Setting CVar [[r.AmbientOcclusionRadiusScale:1.0]]
[2021.03.06-21.31.21:269][  0]LogConfig: Setting CVar [[r.DepthOfFieldQuality:0]]
[2021.03.06-21.31.21:269][  0]LogConfig: Setting CVar [[r.RenderTargetPoolMin:400]]
[2021.03.06-21.31.21:270][  0]LogConfig: Setting CVar [[r.LensFlareQuality:0]]
[2021.03.06-21.31.21:270][  0]LogConfig: Setting CVar [[r.SceneColorFringeQuality:0]]
[2021.03.06-21.31.21:270][  0]LogConfig: Setting CVar [[r.EyeAdaptationQuality:2]]
[2021.03.06-21.31.21:270][  0]LogConfig: Setting CVar [[r.BloomQuality:1]]
[2021.03.06-21.31.21:270][  0]LogConfig: Setting CVar [[r.FastBlurThreshold:0]]
[2021.03.06-21.31.21:270][  0]LogConfig: Setting CVar [[r.Upscale.Quality:3]]
[2021.03.06-21.31.21:270][  0]LogConfig: Setting CVar [[r.Tonemapper.GrainQuantization:1]]
[2021.03.06-21.31.21:270][  0]LogConfig: Setting CVar [[r.LightShaftQuality:1]]
[2021.03.06-21.31.21:270][  0]LogConfig: Setting CVar [[r.Filter.SizeScale:1]]
[2021.03.06-21.31.21:270][  0]LogConfig: Setting CVar [[r.Tonemapper.Quality:5]]
[2021.03.06-21.31.21:270][  0]LogConfig: Setting CVar [[r.DOF.Gather.AccumulatorQuality:1        ; higher gathering accumulator quality]]
[2021.03.06-21.31.21:270][  0]LogConfig: Setting CVar [[r.DOF.Gather.PostfilterMethod:1          ; Median3x3 postfilering method]]
[2021.03.06-21.31.21:270][  0]LogConfig: Setting CVar [[r.DOF.Gather.EnableBokehSettings:0       ; no bokeh simulation when gathering]]
[2021.03.06-21.31.21:270][  0]LogConfig: Setting CVar [[r.DOF.Gather.RingCount:4                 ; medium number of samples when gathering]]
[2021.03.06-21.31.21:270][  0]LogConfig: Setting CVar [[r.DOF.Scatter.ForegroundCompositing:1    ; additive foreground scattering]]
[2021.03.06-21.31.21:270][  0]LogConfig: Setting CVar [[r.DOF.Scatter.BackgroundCompositing:2    ; additive background scattering]]
[2021.03.06-21.31.21:270][  0]LogConfig: Setting CVar [[r.DOF.Scatter.EnableBokehSettings:1      ; bokeh simulation when scattering]]
[2021.03.06-21.31.21:270][  0]LogConfig: Setting CVar [[r.DOF.Scatter.MaxSpriteRatio:0.1         ; only a maximum of 10% of scattered bokeh]]
[2021.03.06-21.31.21:270][  0]LogConfig: Setting CVar [[r.DOF.Recombine.Quality:1                ; cheap slight out of focus]]
[2021.03.06-21.31.21:270][  0]LogConfig: Setting CVar [[r.DOF.Recombine.EnableBokehSettings:0    ; no bokeh simulation on slight out of focus]]
[2021.03.06-21.31.21:270][  0]LogConfig: Setting CVar [[r.DOF.TemporalAAQuality:1                ; more stable temporal accumulation]]
[2021.03.06-21.31.21:270][  0]LogConfig: Setting CVar [[r.DOF.Kernel.MaxForegroundRadius:0.025]]
[2021.03.06-21.31.21:270][  0]LogConfig: Setting CVar [[r.DOF.Kernel.MaxBackgroundRadius:0.025]]
[2021.03.06-21.31.21:270][  0]LogConfig: Applying CVar settings from Section [TextureQuality@3] File [../../../GELab_VR/Saved/Config/WindowsNoEditor/Scalability.ini]
[2021.03.06-21.31.21:270][  0]LogConfig: Setting CVar [[r.Streaming.MipBias:0]]
[2021.03.06-21.31.21:270][  0]LogConfig: Setting CVar [[r.Streaming.AmortizeCPUToGPUCopy:0]]
[2021.03.06-21.31.21:270][  0]LogConfig: Setting CVar [[r.Streaming.MaxNumTexturesToStreamPerFrame:0]]
[2021.03.06-21.31.21:270][  0]LogConfig: Setting CVar [[r.Streaming.Boost:1]]
[2021.03.06-21.31.21:270][  0]LogConfig: Setting CVar [[r.MaxAnisotropy:8]]
[2021.03.06-21.31.21:270][  0]LogConfig: Setting CVar [[r.VT.MaxAnisotropy:8]]
[2021.03.06-21.31.21:270][  0]LogConfig: Setting CVar [[r.Streaming.LimitPoolSizeToVRAM:0]]
[2021.03.06-21.31.21:270][  0]LogConfig: Setting CVar [[r.Streaming.PoolSize:1000]]
[2021.03.06-21.31.21:270][  0]LogConfig: Setting CVar [[r.Streaming.MaxEffectiveScreenSize:0]]
[2021.03.06-21.31.21:270][  0]LogConfig: Applying CVar settings from Section [EffectsQuality@3] File [../../../GELab_VR/Saved/Config/WindowsNoEditor/Scalability.ini]
[2021.03.06-21.31.21:270][  0]LogConfig: Setting CVar [[r.TranslucencyLightingVolumeDim:4]]
[2021.03.06-21.31.21:270][  0]LogConfig: Setting CVar [[r.RefractionQuality:2]]
[2021.03.06-21.31.21:270][  0]LogConfig: Setting CVar [[r.SSR.Quality:0]]
[2021.03.06-21.31.21:270][  0]LogConfig: Setting CVar [[r.SSR.HalfResSceneColor:0]]
[2021.03.06-21.31.21:270][  0]LogConfig: Setting CVar [[r.SceneColorFormat:2]]
[2021.03.06-21.31.21:270][  0]LogConfig: Setting CVar [[r.DetailMode:2]]
[2021.03.06-21.31.21:270][  0]LogConfig: Setting CVar [[r.TranslucencyVolumeBlur:0]]
[2021.03.06-21.31.21:270][  0]LogConfig: Setting CVar [[r.MaterialQualityLevel:1 ; High quality]]
[2021.03.06-21.31.21:270][  0]LogConfig: Setting CVar [[r.SSS.Scale:1]]
[2021.03.06-21.31.21:270][  0]LogConfig: Setting CVar [[r.SSS.SampleSet:2]]
[2021.03.06-21.31.21:270][  0]LogConfig: Setting CVar [[r.SSS.Quality:1]]
[2021.03.06-21.31.21:270][  0]LogConfig: Setting CVar [[r.SSS.HalfRes:0]]
[2021.03.06-21.31.21:270][  0]LogConfig: Setting CVar [[r.SSGI.Quality:3]]
[2021.03.06-21.31.21:270][  0]LogConfig: Setting CVar [[r.EmitterSpawnRateScale:1.0]]
[2021.03.06-21.31.21:270][  0]LogConfig: Setting CVar [[r.ParticleLightQuality:2]]
[2021.03.06-21.31.21:270][  0]LogConfig: Setting CVar [[r.SkyAtmosphere.AerialPerspectiveLUT.FastApplyOnOpaque:1 ; Always have FastSkyLUT 1 in this case to avoid wrong sky]]
[2021.03.06-21.31.21:270][  0]LogConfig: Setting CVar [[r.SkyAtmosphere.AerialPerspectiveLUT.SampleCountPerSlice:1]]
[2021.03.06-21.31.21:270][  0]LogConfig: Setting CVar [[r.SkyAtmosphere.AerialPerspectiveLUT.DepthResolution:16.0]]
[2021.03.06-21.31.21:270][  0]LogConfig: Setting CVar [[r.SkyAtmosphere.FastSkyLUT:1]]
[2021.03.06-21.31.21:270][  0]LogConfig: Setting CVar [[r.SkyAtmosphere.FastSkyLUT.SampleCountMin:4.0]]
[2021.03.06-21.31.21:270][  0]LogConfig: Setting CVar [[r.SkyAtmosphere.FastSkyLUT.SampleCountMax:32.0]]
[2021.03.06-21.31.21:270][  0]LogConfig: Setting CVar [[r.SkyAtmosphere.SampleCountMin:4.0]]
[2021.03.06-21.31.21:270][  0]LogConfig: Setting CVar [[r.SkyAtmosphere.SampleCountMax:32.0]]
[2021.03.06-21.31.21:270][  0]LogConfig: Setting CVar [[r.SkyAtmosphere.TransmittanceLUT.UseSmallFormat:0]]
[2021.03.06-21.31.21:270][  0]LogConfig: Setting CVar [[r.SkyAtmosphere.TransmittanceLUT.SampleCount:10.0]]
[2021.03.06-21.31.21:270][  0]LogConfig: Setting CVar [[r.SkyAtmosphere.MultiScatteringLUT.SampleCount:15.0]]
[2021.03.06-21.31.21:270][  0]LogConfig: Setting CVar [[fx.Niagara.QualityLevel:3]]
[2021.03.06-21.31.21:270][  0]LogConfig: Applying CVar settings from Section [FoliageQuality@3] File [../../../GELab_VR/Saved/Config/WindowsNoEditor/Scalability.ini]
[2021.03.06-21.31.21:270][  0]LogConfig: Setting CVar [[foliage.DensityScale:1.0]]
[2021.03.06-21.31.21:270][  0]LogConfig: Setting CVar [[grass.DensityScale:1.0]]
[2021.03.06-21.31.21:270][  0]LogConfig: Applying CVar settings from Section [ShadingQuality@3] File [../../../GELab_VR/Saved/Config/WindowsNoEditor/Scalability.ini]
[2021.03.06-21.31.21:270][  0]LogConfig: Setting CVar [[r.HairStrands.SkyLighting.SampleCount:16]]
[2021.03.06-21.31.21:270][  0]LogConfig: Setting CVar [[r.HairStrands.SkyLighting.JitterIntegration:0]]
[2021.03.06-21.31.21:270][  0]LogConfig: Setting CVar [[r.HairStrands.SkyAO.SampleCount:16]]
[2021.03.06-21.31.21:270][  0]LogConfig: Setting CVar [[r.HairStrands.DeepShadow.SuperSampling:0]]
[2021.03.06-21.31.21:270][  0]LogConfig: Setting CVar [[r.HairStrands.VisibilityPPLL:0]]
[2021.03.06-21.31.21:270][  0]LogConfig: Setting CVar [[r.HairStrands.RasterizationScale:0.5]]
[2021.03.06-21.31.21:271][  0]LogConfig: Setting CVar [[r.HairStrands.VelocityRasterizationScale:1]]
[2021.03.06-21.31.21:271][  0]LogConfig: Applying CVar settings from Section [Startup] File [../../../Engine/Config/ConsoleVariables.ini]
[2021.03.06-21.31.21:271][  0]LogConfig: Setting CVar [[net.UseAdaptiveNetUpdateFrequency:0]]
[2021.03.06-21.31.21:271][  0]LogConfig: Setting CVar [[p.chaos.AllowCreatePhysxBodies:1]]
[2021.03.06-21.31.21:271][  0]LogConfig: Setting CVar [[fx.SkipVectorVMBackendOptimizations:1]]
[2021.03.06-21.31.21:271][  0]LogConfig: Applying CVar settings from Section [ConsoleVariables] File [../../../GELab_VR/Saved/Config/WindowsNoEditor/Engine.ini]
[2021.03.06-21.31.21:271][  0]LogInit: Computer: VR-MACHINE
[2021.03.06-21.31.21:271][  0]LogInit: User: SKomp
[2021.03.06-21.31.21:271][  0]LogInit: CPU Page size=4096, Cores=6
[2021.03.06-21.31.21:271][  0]LogInit: High frequency timer resolution =10.000000 MHz
[2021.03.06-21.31.21:271][  0]LogMemory: Memory total: Physical=31.9GB (32GB approx)
[2021.03.06-21.31.21:271][  0]LogMemory: Platform Memory Stats for WindowsNoEditor
[2021.03.06-21.31.21:271][  0]LogMemory: Process Physical Memory: 69.43 MB used, 69.43 MB peak
[2021.03.06-21.31.21:271][  0]LogMemory: Process Virtual Memory: 77.76 MB used, 77.76 MB peak
[2021.03.06-21.31.21:271][  0]LogMemory: Physical Memory: 8737.89 MB used,  23950.47 MB free, 32688.36 MB total
[2021.03.06-21.31.21:271][  0]LogMemory: Virtual Memory: 4984.21 MB used,  134212744.00 MB free, 134217728.00 MB total
[2021.03.06-21.31.21:275][  0]LogWindows: WindowsPlatformFeatures enabled
[2021.03.06-21.31.21:290][  0]LogInit: Physics initialised using underlying interface: PhysX
[2021.03.06-21.31.21:291][  0]LogInit: Using OS detected language (de-DE).
[2021.03.06-21.31.21:291][  0]LogInit: Using OS detected locale (de-DE).
[2021.03.06-21.31.21:291][  0]LogTextLocalizationManager: No localization for 'de-DE' exists, so 'en' will be used for the language.
[2021.03.06-21.31.21:292][  0]LogTextLocalizationManager: No localization for 'de-DE' exists, so 'en' will be used for the locale.
[2021.03.06-21.31.21:342][  0]LogSlate: New Slate User Created.  User Index 0, Is Virtual User: 0
[2021.03.06-21.31.21:342][  0]LogSlate: Slate User Registered.  User Index 0, Is Virtual User: 0
[2021.03.06-21.31.21:368][  0]LogD3D11RHI: D3D11 min allowed feature level: 11_0
[2021.03.06-21.31.21:368][  0]LogD3D11RHI: D3D11 max allowed feature level: 11_0
[2021.03.06-21.31.21:368][  0]LogD3D11RHI: D3D11 adapters:
[2021.03.06-21.31.21:419][  0]LogD3D11RHI:    0. 'Radeon RX 590 Series' (Feature Level 11_0)
[2021.03.06-21.31.21:419][  0]LogD3D11RHI:       8171/0/16344 MB DedicatedVideo/DedicatedSystem/SharedSystem, Outputs:3, VendorId:0x1002
[2021.03.06-21.31.21:422][  0]LogD3D11RHI:    1. 'Microsoft Basic Render Driver' (Feature Level 11_0)
[2021.03.06-21.31.21:422][  0]LogD3D11RHI:       0/0/16344 MB DedicatedVideo/DedicatedSystem/SharedSystem, Outputs:0, VendorId:0x1414
[2021.03.06-21.31.21:422][  0]LogD3D11RHI: Chosen D3D11 Adapter: 0
[2021.03.06-21.31.21:433][  0]LogD3D11RHI: Creating new Direct3DDevice
[2021.03.06-21.31.21:433][  0]LogD3D11RHI:     GPU DeviceId: 0x67df (for the marketing name, search the web for "GPU Device Id")
[2021.03.06-21.31.21:433][  0]LogWindows: EnumDisplayDevices:
[2021.03.06-21.31.21:433][  0]LogWindows:    0. 'Radeon RX 590 Series' (P:0 D:1)
[2021.03.06-21.31.21:434][  0]LogWindows:    1. 'Radeon RX 590 Series' (P:1 D:1)
[2021.03.06-21.31.21:434][  0]LogWindows:    2. 'Radeon RX 590 Series' (P:0 D:1)
[2021.03.06-21.31.21:434][  0]LogWindows:    3. 'Radeon RX 590 Series' (P:0 D:0)
[2021.03.06-21.31.21:435][  0]LogWindows:    4. 'Radeon RX 590 Series' (P:0 D:0)
[2021.03.06-21.31.21:435][  0]LogWindows:    5. 'Radeon RX 590 Series' (P:0 D:0)
[2021.03.06-21.31.21:435][  0]LogWindows:    6. 'Radeon RX 590 Series' (P:0 D:0)
[2021.03.06-21.31.21:436][  0]LogWindows:    7. 'Radeon RX 590 Series' (P:0 D:0)
[2021.03.06-21.31.21:436][  0]LogWindows: DebugString: FoundDriverCount:8 
[2021.03.06-21.31.21:436][  0]LogD3D11RHI:     Adapter Name: Radeon RX 590 Series
[2021.03.06-21.31.21:436][  0]LogD3D11RHI:   Driver Version: Adrenalin 2020 20.12.1 (internal:27.20.14501.28009, unified:27.20.14501.28009)
[2021.03.06-21.31.21:436][  0]LogD3D11RHI:      Driver Date: 12-4-2020
[2021.03.06-21.31.21:436][  0]LogRHI: Texture pool is 5182 MB (70% of 7403 MB)
[2021.03.06-21.31.21:535][  0]LogD3D11RHI: RHI has support for 64 bit atomics
[2021.03.06-21.31.21:535][  0]LogD3D11RHI: Async texture creation enabled
[2021.03.06-21.31.21:535][  0]LogD3D11RHI: Array index from any shader is supported
[2021.03.06-21.31.21:548][  0]LogD3D11RHI: GPU Timing Frequency: 25.000000 (Debug: 2 1)
[2021.03.06-21.31.21:549][  0]LogShaderLibrary: Display: Using ../../../GELab_VR/Content/ShaderArchive-Global-PCD3D_SM5.ushaderbytecode for material shader code. Total 2058 unique shaders.
[2021.03.06-21.31.21:549][  0]LogShaderLibrary: Display: Cooked Context: Using Shared Shader Library Global
[2021.03.06-21.31.21:551][  0]LogTemp: Warning: Clearing the OS Cache
[2021.03.06-21.31.21:553][  0]LogPakFile: New pak file ../../../GELab_VR/Content/Paks/GELab_VR-WindowsNoEditor.pak added to pak precacher.
[2021.03.06-21.31.21:576][  0]LogSlate: Using FreeType 2.10.0
[2021.03.06-21.31.21:577][  0]LogSlate: SlateFontServices - WITH_FREETYPE: 1, WITH_HARFBUZZ: 1
[2021.03.06-21.31.21:647][  0]LogMoviePlayer: Initializing movie player
[2021.03.06-21.31.21:649][  0]LogShaderLibrary: Display: Using ../../../GELab_VR/Content/ShaderArchive-GELab_VR-PCD3D_SM5.ushaderbytecode for material shader code. Total 2759 unique shaders.
[2021.03.06-21.31.21:649][  0]LogShaderLibrary: Display: Cooked Context: Using Shared Shader Library GELab_VR
[2021.03.06-21.31.21:649][  0]LogRHI: Display: Opened pipeline cache after state change and enqueued 0 of 0 tasks for precompile.
[2021.03.06-21.31.21:649][  0]LogRHI: Display: Failed to open default shader pipeline cache for GELab_VR using shader platform 0.
[2021.03.06-21.31.21:649][  0]LogRHI: Display: Failed to open default shader pipeline cache for GELab_VR using shader platform 0.
[2021.03.06-21.31.21:649][  0]LogInit: Using OS detected language (de-DE).
[2021.03.06-21.31.21:650][  0]LogInit: Using OS detected locale (de-DE).
[2021.03.06-21.31.21:650][  0]LogTextLocalizationManager: No localization for 'de-DE' exists, so 'en' will be used for the language.
[2021.03.06-21.31.21:650][  0]LogTextLocalizationManager: No localization for 'de-DE' exists, so 'en' will be used for the locale.
[2021.03.06-21.31.21:652][  0]LogTextLocalizationManager: Compacting localization data took   1.41ms
[2021.03.06-21.31.21:666][  0]LogAssetRegistry: FAssetRegistry took 0.0140 seconds to start up
[2021.03.06-21.31.21:754][  0]LogStreaming: Display: Flushing async loaders.
[2021.03.06-21.31.21:755][  0]LogPackageLocalizationCache: Processed 18 localized package path(s) for 1 prioritized culture(s) in 0.000078 seconds
[2021.03.06-21.31.21:758][  0]LogInit: Selected Device Profile: [WindowsNoEditor]
[2021.03.06-21.31.21:789][  0]LogNetVersion: GELab_VR 1.0.0, NetCL: 13144385, EngineNetVer: 14, GameNetVer: 0 (Checksum: 657623362)
[2021.03.06-21.31.21:826][  0]LogAudioCaptureCore: Display: No Audio Capture implementations found. Audio input will be silent.
[2021.03.06-21.31.21:826][  0]LogAudioCaptureCore: Display: No Audio Capture implementations found. Audio input will be silent.
[2021.03.06-21.31.21:854][  0]LogAISub: UAISubsystem::UAISubsystem AISubsystem (00000270C0CF0DC0), frame # 0
[2021.03.06-21.31.21:854][  0]LogAISub: UAISubsystem::UAISubsystem AIPerceptionSystem (00000270BCABCF40), frame # 0
[2021.03.06-21.31.21:856][  0]LogAISub: UAISubsystem::UAISubsystem EnvQueryManager (00000270C0840800), frame # 0
[2021.03.06-21.31.21:875][  0]LogAndroidPermission: UAndroidPermissionCallbackProxy::GetInstance
[2021.03.06-21.31.21:875][  0]LogOcInput: OculusInput pre-init called
[2021.03.06-21.31.21:880][  0]LogUObjectArray: 14209 objects as part of root set at end of initial load.
[2021.03.06-21.31.21:880][  0]LogUObjectArray: 2 objects are not in the root set, but can never be destroyed because they are in the DisregardForGC set.
[2021.03.06-21.31.21:880][  0]LogUObjectAllocator: 2870488 out of 0 bytes used by permanent object pool.
[2021.03.06-21.31.21:880][  0]LogUObjectArray: CloseDisregardForGC: 14209/14209 objects in disregard for GC pool
[2021.03.06-21.31.21:881][  0]LogEngine: Initializing Engine...
[2021.03.06-21.31.21:882][  0]LogHMD: Oculus plugin initialized. Version: 4.25.3-13942748+++UE4+Release-4.25, OVRPlugin: 1.44.0
[2021.03.06-21.31.21:883][  0]LogStats: UGameplayTagsManager::InitializeManager -  0.001 s
[2021.03.06-21.31.21:943][  0]LogPakFile: Precache HighWater 16MB

[2021.03.06-21.31.21:943][  0]LogPakFile: Precache HighWater 32MB

[2021.03.06-21.31.21:943][  0]LogInit: Initializing FReadOnlyCVARCache
[2021.03.06-21.31.21:943][  0]LogAudioMixer: Display: Audio Mixer Platform Settings:
[2021.03.06-21.31.21:943][  0]LogAudioMixer: Display: 	Sample Rate:						  48000
[2021.03.06-21.31.21:943][  0]LogAudioMixer: Display: 	Callback Buffer Frame Size Requested: 1024
[2021.03.06-21.31.21:943][  0]LogAudioMixer: Display: 	Callback Buffer Frame Size To Use:	  1024
[2021.03.06-21.31.21:943][  0]LogAudioMixer: Display: 	Number of buffers to queue:			  2
[2021.03.06-21.31.21:943][  0]LogAudioMixer: Display: 	Max Channels (voices):				  32
[2021.03.06-21.31.21:944][  0]LogAudioMixer: Display: 	Number of Async Source Workers:		  0
[2021.03.06-21.31.21:944][  0]LogAudio: Display: AudioDevice MaxSources: 32
[2021.03.06-21.31.21:944][  0]LogAudio: Display: Using built-in audio occlusion.
[2021.03.06-21.31.21:944][  0]LogAudioMixer: Display: Initializing audio mixer.
[2021.03.06-21.31.21:953][  0]LogAudioDebug: Display: Lib vorbis DLL was dynamically loaded.
[2021.03.06-21.31.21:970][  0]LogAudioMixer: Display: 0: FrontLeft
[2021.03.06-21.31.21:970][  0]LogAudioMixer: Display: 1: FrontRight
[2021.03.06-21.31.21:973][  0]LogAudioMixer: Display: 0: FrontLeft
[2021.03.06-21.31.21:973][  0]LogAudioMixer: Display: 1: FrontRight
[2021.03.06-21.31.21:976][  0]LogAudioMixer: Display: 0: FrontLeft
[2021.03.06-21.31.21:976][  0]LogAudioMixer: Display: 1: FrontRight
[2021.03.06-21.31.21:980][  0]LogAudioMixer: Display: 0: FrontLeft
[2021.03.06-21.31.21:980][  0]LogAudioMixer: Display: 1: FrontRight
[2021.03.06-21.31.22:021][  0]LogAudioMixer: Display: Using Audio Device Kopfhörer (2- Rift S)
[2021.03.06-21.31.22:022][  0]LogAudioMixer: Display: Initializing Sound Submixes...
[2021.03.06-21.31.22:024][  0]LogAudioMixer: Display: Creating Master Submix 'MasterSubmixDefault'
[2021.03.06-21.31.22:024][  0]LogAudioMixer: Display: Creating Master Submix 'MasterReverbSubmixDefault'
[2021.03.06-21.31.22:027][  0]LogAudioMixer: Display: Creating Master Submix 'MasterEQSubmixDefault'
[2021.03.06-21.31.22:028][  0]LogInit: FAudioDevice initialized.
[2021.03.06-21.31.22:029][  0]LogNetVersion: Set ProjectVersion to 1.0.0.0. Version Checksum will be recalculated on next use.
[2021.03.06-21.31.22:029][  0]LogInit: Texture streaming: Enabled
[2021.03.06-21.31.22:034][  0]LogSlate: Updating window title bar state: overlay mode, drag disabled, window buttons hidden, title bar hidden
[2021.03.06-21.31.22:035][  0]LogInit: Display: Game Engine Initialized.
[2021.03.06-21.31.22:036][  0]LogInit: Display: Starting Game.
[2021.03.06-21.31.22:036][  0]LogNet: Browse: /Game/Level/S0?Name=Player
[2021.03.06-21.31.22:036][  0]LogHMD: Initializing OVRPlugin session
[2021.03.06-21.31.22:533][  0]LogHMD: Allocating Oculus 3008 x 1616 rendertarget swapchain
[2021.03.06-21.31.22:533][  0]LogHMD: FSplash::OnShow
[2021.03.06-21.31.22:533][  0]LogLoad: LoadMap: /Game/Level/S0?Name=Player
[2021.03.06-21.31.22:533][  0]LogWorld: BeginTearingDown for /Temp/Untitled_0
[2021.03.06-21.31.22:534][  0]LogWorld: UWorld::CleanupWorld for Untitled, bSessionEnded=true, bCleanupResources=true
[2021.03.06-21.31.22:535][  0]LogSlate: InvalidateAllWidgets triggered.  All widgets were invalidated
[2021.03.06-21.31.22:543][  0]LogUObjectHash: Compacting FUObjectHashTables data took   1.34ms
[2021.03.06-21.31.22:756][  0]LogAIModule: Creating AISystem for world S0
[2021.03.06-21.31.22:756][  0]LogAISub: UAISubsystem::UAISubsystem EnvQueryManager (00000270C0CABA00), frame # 0
[2021.03.06-21.31.22:756][  0]LogAISub: UAISubsystem::UAISubsystem AIPerceptionSystem (000002709B6EE200), frame # 0
[2021.03.06-21.31.22:757][  0]LogLoad: Game class is 'GameModeBase'
[2021.03.06-21.31.22:773][  0]LogWorld: Bringing World /Game/Level/S0.S0 up for play (max tick rate 0) at 2021.03.06-22.31.22
[2021.03.06-21.31.22:773][  0]LogWorld: Bringing up level for play took: 0.015671
[2021.03.06-21.31.22:777][  0]LogMaterial: Had to pass SMU back to game thread. Please ensure correct material usage flags.
[2021.03.06-21.31.22:777][  0]LogMaterial: Had to pass SMU back to game thread. Please ensure correct material usage flags.
[2021.03.06-21.31.22:777][  0]LogMaterial: Had to pass SMU back to game thread. Please ensure correct material usage flags.
[2021.03.06-21.31.22:777][  0]LogMaterial: Had to pass SMU back to game thread. Please ensure correct material usage flags.
[2021.03.06-21.31.22:777][  0]LogMaterial: Had to pass SMU back to game thread. Please ensure correct material usage flags.
[2021.03.06-21.31.22:777][  0]LogMaterial: Had to pass SMU back to game thread. Please ensure correct material usage flags.
[2021.03.06-21.31.22:777][  0]LogMaterial: Had to pass SMU back to game thread. Please ensure correct material usage flags.
[2021.03.06-21.31.22:777][  0]LogMaterial: Had to pass SMU back to game thread. Please ensure correct material usage flags.
[2021.03.06-21.31.22:777][  0]LogMaterial: Had to pass SMU back to game thread. Please ensure correct material usage flags.
[2021.03.06-21.31.22:777][  0]LogMaterial: Had to pass SMU back to game thread. Please ensure correct material usage flags.
[2021.03.06-21.31.22:777][  0]LogMaterial: Had to pass SMU back to game thread. Please ensure correct material usage flags.
[2021.03.06-21.31.22:777][  0]LogMaterial: Had to pass SMU back to game thread. Please ensure correct material usage flags.
[2021.03.06-21.31.22:777][  0]LogMaterial: Had to pass SMU back to game thread. Please ensure correct material usage flags.
[2021.03.06-21.31.22:777][  0]LogMaterial: Had to pass SMU back to game thread. Please ensure correct material usage flags.
[2021.03.06-21.31.22:777][  0]LogMaterial: Had to pass SMU back to game thread. Please ensure correct material usage flags.
[2021.03.06-21.31.22:777][  0]LogGameMode: FindPlayerStart: PATHS NOT DEFINED or NO PLAYERSTART with positive rating
[2021.03.06-21.31.22:780][  0]LogBlueprintUserMessages: [BP_DollRedRight] Key set in Row: 2, at Doll: 0
[2021.03.06-21.31.22:780][  0]LogBlueprintUserMessages: [BP_PictureTTT_3] Row Of Doll: 2
[2021.03.06-21.31.22:780][  0]LogBlueprintUserMessages: [BP_DollRedRight] Key set in Row: 2, at Doll: 0
[2021.03.06-21.31.22:780][  0]LogBlueprintUserMessages: [BP_PictureHouse_2] Kind Of Doll: 0
[2021.03.06-21.31.22:781][  0]LogUMG: Display: Widget Class HUDInventory_C - Loaded Fast Template.
[2021.03.06-21.31.22:785][  0]LogEngine: Onscreen warnings/messages are now DISABLED
[2021.03.06-21.31.22:786][  0]LogHMD: SetSpectatorScreenMode(6).
[2021.03.06-21.31.22:787][  0]LogLoad: Took 0.254072 seconds to LoadMap(/Game/Level/S0)
[2021.03.06-21.31.22:827][  0]LogOcInput: OculusInput is initialized
[2021.03.06-21.31.22:828][  0]LogSlate: New Slate User Created.  User Index 1, Is Virtual User: 0
[2021.03.06-21.31.22:829][  0]LogSlate: Slate User Registered.  User Index 1, Is Virtual User: 0
[2021.03.06-21.31.22:829][  0]LogSlate: New Slate User Created.  User Index 2, Is Virtual User: 0
[2021.03.06-21.31.22:829][  0]LogSlate: Slate User Registered.  User Index 2, Is Virtual User: 0
[2021.03.06-21.31.22:829][  0]LogHMD: FSplash::OnHide
[2021.03.06-21.31.30:829][  0]LogRHI: Display: ShaderPipelineCache: Paused Batching. 1
[2021.03.06-21.31.30:829][  0]LogRHI: Display: ShaderPipelineCache: Resumed Batching. 0
[2021.03.06-21.31.30:829][  0]LogRHI: Display: ShaderPipelineCache: Batching Resumed.
[2021.03.06-21.31.30:829][  0]LogLoad: (Engine Initialization) Total time: 9.99 seconds
[2021.03.06-21.31.30:833][  0]LogContentStreaming: Texture pool size now 1000 MB
[2021.03.06-21.31.30:948][  2]LogRenderer: Reallocating scene render targets to support 1920x1080 Format 10 NumSamples 1 (Frame:1).
[2021.03.06-21.31.31:386][  2]LogHMD: Setting user focus to game viewport since session status is visible...
[2021.03.06-21.31.31:388][  3]LogRenderer: Warning: Resizing VR buffer to 3008 by 1616
[2021.03.06-21.31.31:388][  3]LogRenderer: Reallocating scene render targets to support 3008x1616 Format 26 NumSamples 1 (Frame:2).
[2021.03.06-21.31.31:388][  3]LogHMD: Allocating Oculus 3008 x 1616 depth rendertarget swapchain
[2021.03.06-21.31.31:388][  3]LogEngine: Changing dynamic resolution state.
[2021.03.06-21.32.00:022][360]LogHMD: The app went out of VR focus, seizing rendering...
[2021.03.06-21.32.00:022][360]LogCore: Display: AppLifetime: Application will enter background
[2021.03.06-21.32.00:157][363]LogRenderer: Reallocating scene render targets to support 1920x1080 Format 10 NumSamples 1 (Frame:363).
[2021.03.06-21.33.03:856][999]LogHMD: The app got VR focus, restoring rendering...
[2021.03.06-21.33.03:856][999]LogCore: Display: AppLifetime: Application has entered foreground
[2021.03.06-21.33.03:941][  1]LogRenderer: Reallocating scene render targets to support 3008x1616 Format 26 NumSamples 1 (Frame:1000).
[2021.03.06-21.34.00:747][720]LogHMD: The app went out of VR focus, seizing rendering...
[2021.03.06-21.34.00:747][720]LogCore: Display: AppLifetime: Application will enter background
[2021.03.06-21.34.00:873][723]LogRenderer: Reallocating scene render targets to support 1920x1080 Format 10 NumSamples 1 (Frame:1723).
[2021.03.06-21.34.07:572][789]LogHMD: The app got VR focus, restoring rendering...
[2021.03.06-21.34.07:572][789]LogCore: Display: AppLifetime: Application has entered foreground
[2021.03.06-21.34.07:645][791]LogRenderer: Reallocating scene render targets to support 3008x1616 Format 26 NumSamples 1 (Frame:1790).
[2021.03.06-21.35.08:859][567]LogHMD: SetSpectatorScreenMode(6).
[2021.03.06-21.35.09:650][577]LogHMD: SetSpectatorScreenMode(6).
[2021.03.06-21.35.10:299][585]LogHMD: SetSpectatorScreenMode(6).
[2021.03.06-21.35.11:081][595]LogHMD: SetSpectatorScreenMode(6).
[2021.03.06-21.35.11:427][600]LogHMD: SetSpectatorScreenMode(6).
[2021.03.06-21.35.11:872][606]LogHMD: SetSpectatorScreenMode(6).
[2021.03.06-21.36.36:557][653]LogTaskGraph: Warning: Task graph took  33.11ms for RT to recieve broadcast.
[2021.03.06-21.36.36:557][653]LogTaskGraph: Warning: Task graph took  33.30ms for RT to recieve broadcast and do processing.
[2021.03.06-21.36.36:557][653]LogTaskGraph: Warning: Task graph took  33.18ms to wait for named thread broadcast.
[2021.03.06-21.36.36:557][653]LogTaskGraph: Warning: Task graph took  33.41ms to broadcast.
[2021.03.06-21.37.34:695][294]LogHMD: SetSpectatorScreenMode(6).
[2021.03.06-21.37.46:946][400]LogHMD: SetSpectatorScreenMode(6).
[2021.03.06-21.37.58:407][504]LogHMD: SetSpectatorScreenMode(6).
[2021.03.06-21.37.59:644][516]LogHMD: SetSpectatorScreenMode(6).
[2021.03.06-21.38.33:239][828]LogHMD: SetSpectatorScreenMode(6).
[2021.03.06-21.38.38:065][875]LogHMD: SetSpectatorScreenMode(6).
[2021.03.06-21.38.38:593][880]LogHMD: SetSpectatorScreenMode(6).
[2021.03.06-21.40.41:130][ 47]LogTaskGraph: Warning: Task graph took  32.38ms for RT to recieve broadcast.
[2021.03.06-21.40.41:130][ 47]LogTaskGraph: Warning: Task graph took  32.57ms for RT to recieve broadcast and do processing.
[2021.03.06-21.40.41:130][ 47]LogTaskGraph: Warning: Task graph took  32.49ms to wait for named thread broadcast.
[2021.03.06-21.40.41:130][ 47]LogTaskGraph: Warning: Task graph took  32.71ms to broadcast.
[2021.03.06-21.44.49:892][449]LogHMD: SetSpectatorScreenMode(6).
[2021.03.06-21.44.50:554][457]LogHMD: SetSpectatorScreenMode(6).
[2021.03.06-21.44.50:806][460]LogHMD: SetSpectatorScreenMode(6).
[2021.03.06-21.45.16:419][750]LogHMD: SetSpectatorScreenMode(6).
[2021.03.06-21.45.17:376][761]LogHMD: SetSpectatorScreenMode(6).
[2021.03.06-21.45.17:800][766]LogHMD: SetSpectatorScreenMode(6).
[2021.03.06-21.45.17:970][768]LogHMD: SetSpectatorScreenMode(6).
[2021.03.06-21.45.38:492][996]LogHMD: SetSpectatorScreenMode(6).
[2021.03.06-21.45.40:392][ 16]LogHMD: SetSpectatorScreenMode(6).
[2021.03.06-21.45.46:968][ 88]LogAudio: Warning: Detected orphaned looping sound 'Observer_Maschine_Sound_Cue'.
[2021.03.06-21.45.49:218][113]LogHMD: SetSpectatorScreenMode(6).
[2021.03.06-21.45.49:896][121]LogHMD: SetSpectatorScreenMode(6).
[2021.03.06-21.46.03:852][295]LogBlueprintUserMessages: [MotionControllerPawn_2] Flashlight_Lightbulb destroyed
[2021.03.06-21.46.20:818][505]LogHMD: The app went out of VR focus, seizing rendering...
[2021.03.06-21.46.20:818][505]LogCore: Display: AppLifetime: Application will enter background
[2021.03.06-21.46.21:036][509]LogRenderer: Reallocating scene render targets to support 1920x1080 Format 10 NumSamples 1 (Frame:9508).
[2021.03.06-21.47.15:735][ 55]LogWindowsDesktop: Alt-F4 pressed!
[2021.03.06-21.47.15:735][ 55]LogSlate: Request Window 'GELab_VR (64-bit Development PCD3D_SM5) ' being destroyed
[2021.03.06-21.47.15:739][ 55]LogSlate: Window 'GELab_VR (64-bit Development PCD3D_SM5) ' being destroyed
[2021.03.06-21.47.15:740][ 55]LogWindowsTextInputMethodSystem: Display: IME system now deactivated.
[2021.03.06-21.47.15:755][ 55]LogSlate: Updating window title bar state: overlay mode, drag disabled, window buttons hidden, title bar hidden
[2021.03.06-21.47.15:755][ 55]LogEngine: All Windows Closed
[2021.03.06-21.47.15:755][ 55]LogWindows: FPlatformMisc::RequestExit(0)
[2021.03.06-21.47.15:755][ 55]LogCore: Engine exit requested (reason: Win RequestExit)
[2021.03.06-21.47.15:757][ 56]LogCore: Engine exit requested (reason: EngineExit() was called; note: exit was already requested)
[2021.03.06-21.47.15:757][ 56]LogAudio: Display: Shutting down audio device while 2 references to it are still alive. For more information, compile with INSTRUMENT_AUDIODEVICE_HANDLES.
[2021.03.06-21.47.15:796][ 56]LogInit: Display: PreExit Game.
[2021.03.06-21.47.15:817][ 56]LogWorld: BeginTearingDown for /Game/Level/S0
[2021.03.06-21.47.15:818][ 56]LogWorld: UWorld::CleanupWorld for S0, bSessionEnded=true, bCleanupResources=true
[2021.03.06-21.47.15:826][ 56]LogSlate: InvalidateAllWidgets triggered.  All widgets were invalidated
[2021.03.06-21.47.16:332][ 56]LogExit: Preparing to exit.
[2021.03.06-21.47.16:332][ 56]LogMoviePlayer: Shutting down movie player
[2021.03.06-21.47.16:334][ 56]LogSlate: Updating window title bar state: overlay mode, drag disabled, window buttons hidden, title bar hidden
[2021.03.06-21.47.16:361][ 56]LogDemo: Cleaned up 0 splitscreen connections with owner deletion
[2021.03.06-21.47.16:366][ 56]LogExit: Game engine shut down
[2021.03.06-21.47.16:373][ 56]LogAISub: UAISubsystem::~UAISubsystem AISubsystem (00000270C0CF0DC0), frame # 10056
[2021.03.06-21.47.16:373][ 56]LogAISub: UAISubsystem::~UAISubsystem AIPerceptionSystem (00000270BCABCF40), frame # 10056
[2021.03.06-21.47.16:373][ 56]LogAISub: UAISubsystem::~UAISubsystem EnvQueryManager (00000270C0840800), frame # 10056
[2021.03.06-21.47.16:374][ 56]LogAISub: UAISubsystem::~UAISubsystem EnvQueryManager (00000270C0CABA00), frame # 10056
[2021.03.06-21.47.16:374][ 56]LogAISub: UAISubsystem::~UAISubsystem AIPerceptionSystem (000002709B6EE200), frame # 10056
[2021.03.06-21.47.16:389][ 56]LogExit: Object subsystem successfully closed.
[2021.03.06-21.47.16:397][ 56]LogModuleManager: Shutting down and abandoning module AutomationController (316)
[2021.03.06-21.47.16:397][ 56]LogModuleManager: Shutting down and abandoning module AutomationWorker (314)
[2021.03.06-21.47.16:397][ 56]LogModuleManager: Shutting down and abandoning module Voice (312)
[2021.03.06-21.47.16:397][ 56]LogModuleManager: Shutting down and abandoning module AIModule (310)
[2021.03.06-21.47.16:397][ 56]LogModuleManager: Shutting down and abandoning module GameplayDebugger (309)
[2021.03.06-21.47.16:397][ 56]LogModuleManager: Shutting down and abandoning module NavigationSystem (307)
[2021.03.06-21.47.16:397][ 56]LogModuleManager: Shutting down and abandoning module WebMMediaFactory (304)
[2021.03.06-21.47.16:397][ 56]LogModuleManager: Shutting down and abandoning module WebMMedia (302)
[2021.03.06-21.47.16:397][ 56]LogModuleManager: Shutting down and abandoning module OculusMR (300)
[2021.03.06-21.47.16:397][ 56]LogModuleManager: Shutting down and abandoning module WmfMediaFactory (298)
[2021.03.06-21.47.16:397][ 56]LogModuleManager: Shutting down and abandoning module OpenExrWrapper (296)
[2021.03.06-21.47.16:397][ 56]LogModuleManager: Shutting down and abandoning module ImgMediaFactory (294)
[2021.03.06-21.47.16:398][ 56]LogModuleManager: Shutting down and abandoning module AvfMediaFactory (292)
[2021.03.06-21.47.16:398][ 56]LogModuleManager: Shutting down and abandoning module CharacterAI (290)
[2021.03.06-21.47.16:398][ 56]LogModuleManager: Shutting down and abandoning module PlanarCut (288)
[2021.03.06-21.47.16:398][ 56]LogModuleManager: Shutting down and abandoning module SessionServices (286)
[2021.03.06-21.47.16:398][ 56]LogModuleManager: Shutting down and abandoning module LiveCoding (284)
[2021.03.06-21.47.16:398][ 56]LogModuleManager: Shutting down and abandoning module LevelSequence (282)
[2021.03.06-21.47.16:398][ 56]LogModuleManager: Shutting down and abandoning module MovieSceneTracks (280)
[2021.03.06-21.47.16:398][ 56]LogModuleManager: Shutting down and abandoning module MovieScene (278)
[2021.03.06-21.47.16:398][ 56]LogModuleManager: Shutting down and abandoning module StreamingPauseRendering (276)
[2021.03.06-21.47.16:398][ 56]LogModuleManager: Shutting down and abandoning module AudioMixerXAudio2 (274)
[2021.03.06-21.47.16:398][ 56]LogModuleManager: Shutting down and abandoning module AudioMixerCore (273)
[2021.03.06-21.47.16:398][ 56]LogModuleManager: Shutting down and abandoning module ImageWriteQueue (270)
[2021.03.06-21.47.16:399][ 56]LogModuleManager: Shutting down and abandoning module ProfilerService (268)
[2021.03.06-21.47.16:637][ 56]LogModuleManager: Shutting down and abandoning module TaskGraph (266)
[2021.03.06-21.47.16:637][ 56]LogModuleManager: Shutting down and abandoning module Synthesis (264)
[2021.03.06-21.47.16:637][ 56]LogModuleManager: Shutting down and abandoning module OculusInput (262)
[2021.03.06-21.47.16:637][ 56]LogModuleManager: Shutting down and abandoning module MobilePatchingUtils (260)
[2021.03.06-21.47.16:637][ 56]LogModuleManager: Shutting down and abandoning module GooglePAD (258)
[2021.03.06-21.47.16:637][ 56]LogModuleManager: Shutting down and abandoning module CustomMeshComponent (256)
[2021.03.06-21.47.16:637][ 56]LogModuleManager: Shutting down and abandoning module CableComponent (254)
[2021.03.06-21.47.16:637][ 56]LogModuleManager: Shutting down and abandoning module AudioCapture (252)
[2021.03.06-21.47.16:637][ 56]LogModuleManager: Shutting down and abandoning module AudioCaptureRtAudio (251)
[2021.03.06-21.47.16:637][ 56]LogModuleManager: Shutting down and abandoning module AssetTags (248)
[2021.03.06-21.47.16:637][ 56]LogModuleManager: Shutting down and abandoning module ArchVisCharacter (246)
[2021.03.06-21.47.16:637][ 56]LogModuleManager: Shutting down and abandoning module AppleImageUtils (244)
[2021.03.06-21.47.16:637][ 56]LogModuleManager: Shutting down and abandoning module AndroidPermission (242)
[2021.03.06-21.47.16:637][ 56]LogModuleManager: Shutting down and abandoning module TemplateSequence (240)
[2021.03.06-21.47.16:637][ 56]LogModuleManager: Shutting down and abandoning module MediaCompositing (238)
[2021.03.06-21.47.16:637][ 56]LogModuleManager: Shutting down and abandoning module ImgMedia (236)
[2021.03.06-21.47.16:637][ 56]LogModuleManager: Shutting down and abandoning module MagicLeapLightEstimation (234)
[2021.03.06-21.47.16:637][ 56]LogModuleManager: Shutting down and abandoning module MagicLeapHelperVulkan (232)
[2021.03.06-21.47.16:637][ 56]LogModuleManager: Shutting down and abandoning module MagicLeapHelperOpenGL (230)
[2021.03.06-21.47.16:637][ 56]LogModuleManager: Shutting down and abandoning module MagicLeapAudio (228)
[2021.03.06-21.47.16:637][ 56]LogModuleManager: Shutting down and abandoning module MagicLeapSharedWorld (226)
[2021.03.06-21.47.16:637][ 56]LogModuleManager: Shutting down and abandoning module ChaosNiagara (224)
[2021.03.06-21.47.16:637][ 56]LogModuleManager: Shutting down and abandoning module ProceduralMeshComponent (222)
[2021.03.06-21.47.16:637][ 56]LogModuleManager: Shutting down and abandoning module GeometryCollectionTracks (220)
[2021.03.06-21.47.16:637][ 56]LogModuleManager: Shutting down and abandoning module EditableMesh (218)
[2021.03.06-21.47.16:637][ 56]LogModuleManager: Shutting down and abandoning module MeshSolverUtilities (216)
[2021.03.06-21.47.16:637][ 56]LogModuleManager: Shutting down and abandoning module MeshConversion (214)
[2021.03.06-21.47.16:637][ 56]LogModuleManager: Shutting down and abandoning module DynamicMesh (212)
[2021.03.06-21.47.16:637][ 56]LogModuleManager: Shutting down and abandoning module GeometryAlgorithms (210)
[2021.03.06-21.47.16:637][ 56]LogModuleManager: Shutting down and abandoning module GeometricObjects (208)
[2021.03.06-21.47.16:637][ 56]LogModuleManager: Shutting down and abandoning module ChaosCloth (206)
[2021.03.06-21.47.16:637][ 56]LogModuleManager: Shutting down and abandoning module BackChannel (204)
[2021.03.06-21.47.16:637][ 56]LogModuleManager: Shutting down and abandoning module AutomationUtils (202)
[2021.03.06-21.47.16:637][ 56]LogModuleManager: Shutting down and abandoning module GeometryCacheTracks (200)
[2021.03.06-21.47.16:637][ 56]LogModuleManager: Shutting down and abandoning module GeometryCache (198)
[2021.03.06-21.47.16:637][ 56]LogModuleManager: Shutting down and abandoning module UObjectPlugin (196)
[2021.03.06-21.47.16:637][ 56]LogModuleManager: Shutting down and abandoning module SoundFields (194)
[2021.03.06-21.47.16:637][ 56]LogModuleManager: Shutting down and abandoning module RuntimePhysXCooking (192)
[2021.03.06-21.47.16:637][ 56]LogModuleManager: Shutting down and abandoning module LocationServicesBPLibrary (188)
[2021.03.06-21.47.16:637][ 56]LogModuleManager: Shutting down and abandoning module ActorSequence (186)
[2021.03.06-21.47.16:637][ 56]LogModuleManager: Shutting down and abandoning module UdpMessaging (184)
[2021.03.06-21.47.16:637][ 56]LogModuleManager: Shutting down and abandoning module TcpMessaging (182)
[2021.03.06-21.47.16:637][ 56]LogModuleManager: Shutting down and abandoning module MagicLeapHandMeshing (180)
[2021.03.06-21.47.16:637][ 56]LogModuleManager: Shutting down and abandoning module MagicLeapSecureStorage (178)
[2021.03.06-21.47.16:637][ 56]LogModuleManager: Shutting down and abandoning module MagicLeapPrivileges (176)
[2021.03.06-21.47.16:638][ 56]LogModuleManager: Shutting down and abandoning module MagicLeapPlanes (174)
[2021.03.06-21.47.16:638][ 56]LogModuleManager: Shutting down and abandoning module MagicLeapImageTracker (172)
[2021.03.06-21.47.16:638][ 56]LogModuleManager: Shutting down and abandoning module MagicLeapIdentity (170)
[2021.03.06-21.47.16:638][ 56]LogModuleManager: Shutting down and abandoning module MagicLeapHandTracking (168)
[2021.03.06-21.47.16:638][ 56]LogModuleManager: Shutting down and abandoning module MagicLeapEyeTracker (166)
[2021.03.06-21.47.16:638][ 56]LogModuleManager: Shutting down and abandoning module MagicLeapController (164)
[2021.03.06-21.47.16:638][ 56]LogSlate: Slate User Destroyed.  User Index 0, Is Virtual User: 0
[2021.03.06-21.47.16:638][ 56]LogSlate: Slate User Destroyed.  User Index 1, Is Virtual User: 0
[2021.03.06-21.47.16:638][ 56]LogSlate: Slate User Destroyed.  User Index 2, Is Virtual User: 0
[2021.03.06-21.47.16:638][ 56]LogModuleManager: Shutting down and abandoning module MagicLeapARPinImpl (162)
[2021.03.06-21.47.16:638][ 56]LogModuleManager: Shutting down and abandoning module MagicLeapAR (160)
[2021.03.06-21.47.16:638][ 56]LogModuleManager: Shutting down and abandoning module AugmentedReality (159)
[2021.03.06-21.47.16:638][ 56]LogModuleManager: Shutting down and abandoning module MagicLeapARPin (156)
[2021.03.06-21.47.16:638][ 56]LogModuleManager: Shutting down and abandoning module NiagaraAnimNotifies (154)
[2021.03.06-21.47.16:638][ 56]LogModuleManager: Shutting down and abandoning module Niagara (152)
[2021.03.06-21.47.16:638][ 56]LogModuleManager: Shutting down and abandoning module SignalProcessing (151)
[2021.03.06-21.47.16:638][ 56]LogModuleManager: Shutting down and abandoning module NiagaraCore (148)
[2021.03.06-21.47.16:638][ 56]LogModuleManager: Shutting down and abandoning module FacialAnimation (146)
[2021.03.06-21.47.16:638][ 56]LogModuleManager: Shutting down and abandoning module SignificanceManager (144)
[2021.03.06-21.47.16:638][ 56]LogModuleManager: Shutting down and abandoning module AnimationSharing (142)
[2021.03.06-21.47.16:638][ 56]LogModuleManager: Shutting down and abandoning module LightPropagationVolumeRuntime (140)
[2021.03.06-21.47.16:638][ 56]LogModuleManager: Shutting down and abandoning module Paper2D (138)
[2021.03.06-21.47.16:638][ 56]LogModuleManager: Shutting down and abandoning module WindowsMoviePlayer (136)
[2021.03.06-21.47.16:639][ 56]LogModuleManager: Shutting down and abandoning module WebMMoviePlayer (134)
[2021.03.06-21.47.16:639][ 56]LogModuleManager: Shutting down and abandoning module NetworkReplayStreaming (132)
[2021.03.06-21.47.16:639][ 56]LogModuleManager: Shutting down and abandoning module PacketHandler (130)
[2021.03.06-21.47.16:639][ 56]LogModuleManager: Shutting down and abandoning module ClothingSystemRuntimeNv (128)
[2021.03.06-21.47.16:639][ 56]LogModuleManager: Shutting down and abandoning module MediaAssets (126)
[2021.03.06-21.47.16:639][ 56]LogModuleManager: Shutting down and abandoning module Overlay (124)
[2021.03.06-21.47.16:639][ 56]LogModuleManager: Shutting down and abandoning module FunctionalTesting (122)
[2021.03.06-21.47.16:639][ 56]LogModuleManager: Shutting down and abandoning module MessageLog (120)
[2021.03.06-21.47.16:639][ 56]LogModuleManager: Shutting down and abandoning module UMG (118)
[2021.03.06-21.47.16:639][ 56]LogModuleManager: Shutting down and abandoning module SlateReflector (116)
[2021.03.06-21.47.16:639][ 56]LogModuleManager: Shutting down and abandoning module Slate (114)
[2021.03.06-21.47.16:639][ 56]LogModuleManager: Shutting down and abandoning module SlateCore (112)
[2021.03.06-21.47.16:639][ 56]LogModuleManager: Shutting down and abandoning module MRMesh (110)
[2021.03.06-21.47.16:639][ 56]LogModuleManager: Shutting down and abandoning module Messaging (108)
[2021.03.06-21.47.16:639][ 56]LogModuleManager: Shutting down and abandoning module HeadMountedDisplay (106)
[2021.03.06-21.47.16:639][ 56]LogModuleManager: Shutting down and abandoning module XAudio2 (104)
[2021.03.06-21.47.16:639][ 56]LogModuleManager: Shutting down and abandoning module Networking (102)
[2021.03.06-21.47.16:639][ 56]LogModuleManager: Shutting down and abandoning module Core (100)
[2021.03.06-21.47.16:639][ 56]LogModuleManager: Shutting down and abandoning module ImageWrapper (96)
[2021.03.06-21.47.16:639][ 56]LogModuleManager: Shutting down and abandoning module InputCore (94)
[2021.03.06-21.47.16:639][ 56]LogModuleManager: Shutting down and abandoning module Settings (92)
[2021.03.06-21.47.16:639][ 56]LogModuleManager: Shutting down and abandoning module PhysXCooking (90)
[2021.03.06-21.47.16:639][ 56]LogModuleManager: Shutting down and abandoning module ChaosSolvers (88)
[2021.03.06-21.47.16:639][ 56]LogModuleManager: Shutting down and abandoning module FieldSystemEngine (87)
[2021.03.06-21.47.16:639][ 56]LogModuleManager: Shutting down and abandoning module Chaos (84)
[2021.03.06-21.47.16:639][ 56]LogModuleManager: Shutting down and abandoning module WindowsPlatformFeatures (82)
[2021.03.06-21.47.16:639][ 56]LogModuleManager: Shutting down and abandoning module GameplayMediaEncoder (81)
[2021.03.06-21.47.16:639][ 56]LogModuleManager: Shutting down and abandoning module AVEncoder (80)
[2021.03.06-21.47.16:639][ 56]LogModuleManager: Shutting down and abandoning module SteamVRInputDevice (76)
[2021.03.06-21.47.16:639][ 56]LogModuleManager: Shutting down and abandoning module SteamVRInput (74)
[2021.03.06-21.47.16:639][ 56]LogModuleManager: Shutting down and abandoning module SteamVR (72)
[2021.03.06-21.47.16:639][ 56]LogHMD: Freeing OpenVRDLLHandle.
[2021.03.06-21.47.16:639][ 56]LogModuleManager: Shutting down and abandoning module OculusHMD (70)
[2021.03.06-21.47.16:639][ 56]LogModuleManager: Shutting down and abandoning module ExampleDeviceProfileSelector (68)
[2021.03.06-21.47.16:639][ 56]LogModuleManager: Shutting down and abandoning module LauncherChunkInstaller (66)
[2021.03.06-21.47.16:639][ 56]LogModuleManager: Shutting down and abandoning module OnlineSubsystem (62)
[2021.03.06-21.47.16:640][ 56]LogModuleManager: Shutting down and abandoning module HTTP (57)
[2021.03.06-21.47.16:659][ 56]LogModuleManager: Shutting down and abandoning module SSL (56)
[2021.03.06-21.47.16:659][ 56]LogModuleManager: Shutting down and abandoning module WmfMedia (52)
[2021.03.06-21.47.16:782][ 56]LogModuleManager: Shutting down and abandoning module Media (51)
[2021.03.06-21.47.16:782][ 56]LogModuleManager: Shutting down and abandoning module MagicLeap (48)
[2021.03.06-21.47.16:782][ 56]LogModuleManager: Shutting down and abandoning module NiagaraVertexFactories (46)
[2021.03.06-21.47.16:782][ 56]LogModuleManager: Shutting down and abandoning module NiagaraShader (44)
[2021.03.06-21.47.16:782][ 56]LogModuleManager: Shutting down and abandoning module VariantManagerContent (42)
[2021.03.06-21.47.16:782][ 56]LogModuleManager: Shutting down and abandoning module DatasmithContent (40)
[2021.03.06-21.47.16:782][ 56]LogModuleManager: Shutting down and abandoning module AISupportModule (38)
[2021.03.06-21.47.16:782][ 56]LogModuleManager: Shutting down and abandoning module PlatformCryptoOpenSSL (36)
[2021.03.06-21.47.16:782][ 56]LogModuleManager: Shutting down and abandoning module PlatformCryptoTypes (34)
[2021.03.06-21.47.16:782][ 56]LogModuleManager: Shutting down and abandoning module PlatformCrypto (32)
[2021.03.06-21.47.16:782][ 56]LogModuleManager: Shutting down and abandoning module RenderCore (30)
[2021.03.06-21.47.16:783][ 56]LogModuleManager: Shutting down and abandoning module Landscape (28)
[2021.03.06-21.47.16:783][ 56]LogModuleManager: Shutting down and abandoning module SlateRHIRenderer (26)
[2021.03.06-21.47.16:783][ 56]LogModuleManager: Shutting down and abandoning module OpenGLDrv (24)
[2021.03.06-21.47.16:783][ 56]LogModuleManager: Shutting down and abandoning module D3D11RHI (22)
[2021.03.06-21.47.16:783][ 56]LogModuleManager: Shutting down and abandoning module AnimGraphRuntime (20)
[2021.03.06-21.47.16:783][ 56]LogModuleManager: Shutting down and abandoning module Renderer (18)
[2021.03.06-21.47.16:783][ 56]LogModuleManager: Shutting down and abandoning module Engine (16)
[2021.03.06-21.47.16:783][ 56]LogModuleManager: Shutting down and abandoning module CoreUObject (14)
[2021.03.06-21.47.16:783][ 56]LogModuleManager: Shutting down and abandoning module NetworkFile (12)
[2021.03.06-21.47.16:783][ 56]LogModuleManager: Shutting down and abandoning module CookedIterativeFile (10)
[2021.03.06-21.47.16:783][ 56]LogModuleManager: Shutting down and abandoning module StreamingFile (8)
[2021.03.06-21.47.16:783][ 56]LogModuleManager: Shutting down and abandoning module SandboxFile (6)
[2021.03.06-21.47.16:783][ 56]LogModuleManager: Shutting down and abandoning module PakFile (4)
[2021.03.06-21.47.16:784][ 56]LogModuleManager: Shutting down and abandoning module RSA (3)
[2021.03.06-21.47.16:784][ 56]LogContentStreaming: Display: There are 1 unreleased StreamingManagers
[2021.03.06-21.47.16:785][ 56]LogD3D11RHI: Shutdown
[2021.03.06-21.47.16:786][ 56]LogD3D11RHI: CleanupD3DDevice
[2021.03.06-21.47.16:794][ 56]LogExit: Exiting.
[2021.03.06-21.47.16:803][ 56]Log file closed, 03/06/21 22:47:16
